2025-06-20 11:36:48.282 [main] INFO  com.notification.NotificationServiceApplication - Starting NotificationServiceApplication using Java 17.0.15 with PID 80119 (/Users/anshkesarwani/Desktop/notification-service/target/classes started by anshkesarwani in /Users/anshkesarwani/Desktop/notification-service)
2025-06-20 11:36:48.286 [main] INFO  com.notification.NotificationServiceApplication - No active profile set, falling back to 1 default profile: "default"
2025-06-20 11:38:22.210 [main] INFO  com.notification.NotificationServiceApplication - Starting NotificationServiceApplication using Java 17.0.15 with PID 80560 (/Users/anshkesarwani/Desktop/notification-service/target/classes started by anshkesarwani in /Users/anshkesarwani/Desktop/notification-service)
2025-06-20 11:38:22.213 [main] INFO  com.notification.NotificationServiceApplication - No active profile set, falling back to 1 default profile: "default"
2025-06-20 11:39:53.377 [main] INFO  com.notification.NotificationServiceApplication - Starting NotificationServiceApplication using Java 17.0.15 with PID 81160 (/Users/anshkesarwani/Desktop/notification-service/target/classes started by anshkesarwani in /Users/anshkesarwani/Desktop/notification-service)
2025-06-20 11:39:53.379 [main] INFO  com.notification.NotificationServiceApplication - No active profile set, falling back to 1 default profile: "default"
2025-06-20 11:41:10.230 [main] INFO  com.notification.NotificationServiceApplication - Starting NotificationServiceApplication using Java 17.0.15 with PID 81498 (/Users/anshkesarwani/Desktop/notification-service/target/classes started by anshkesarwani in /Users/anshkesarwani/Desktop/notification-service)
2025-06-20 11:41:10.232 [main] INFO  com.notification.NotificationServiceApplication - No active profile set, falling back to 1 default profile: "default"
2025-06-20 11:42:24.084 [main] INFO  com.notification.NotificationServiceApplication - Starting NotificationServiceApplication using Java 17.0.15 with PID 81797 (/Users/anshkesarwani/Desktop/notification-service/target/classes started by anshkesarwani in /Users/anshkesarwani/Desktop/notification-service)
2025-06-20 11:42:24.086 [main] INFO  com.notification.NotificationServiceApplication - No active profile set, falling back to 1 default profile: "default"
2025-06-20 11:42:26.301 [main] INFO  com.notification.NotificationServiceApplication - Started NotificationServiceApplication in 2.343 seconds (process running for 2.572)
2025-06-20 11:43:47.730 [http-nio-8080-exec-2] WARN  com.notification.controller.GlobalExceptionHandler - Validation error: {requestId=Request ID is required}
2025-06-20 11:43:55.696 [http-nio-8080-exec-4] WARN  com.notification.controller.GlobalExceptionHandler - Validation error: {requestId=Request ID is required}
2025-06-20 11:43:57.574 [http-nio-8080-exec-6] WARN  com.notification.controller.GlobalExceptionHandler - Validation error: {requestId=Request ID is required}
2025-06-20 11:43:59.298 [http-nio-8080-exec-8] WARN  com.notification.controller.GlobalExceptionHandler - Validation error: {requestId=Request ID is required}
2025-06-20 11:43:59.777 [http-nio-8080-exec-10] WARN  com.notification.controller.GlobalExceptionHandler - Validation error: {requestId=Request ID is required}
2025-06-20 11:44:03.403 [http-nio-8080-exec-2] INFO  com.notification.controller.SmsController - Fetching SMS request with ID: 68
2025-06-20 11:44:03.404 [http-nio-8080-exec-2] INFO  com.notification.service.SmsService - Retrieving SMS request with ID: 68
2025-06-20 11:44:08.005 [http-nio-8080-exec-3] WARN  com.notification.controller.GlobalExceptionHandler - Validation error: {requestId=Request ID is required}
2025-06-20 11:44:08.526 [http-nio-8080-exec-5] WARN  com.notification.controller.GlobalExceptionHandler - Validation error: {requestId=Request ID is required}
2025-06-20 11:44:51.860 [http-nio-8080-exec-7] WARN  com.notification.controller.GlobalExceptionHandler - Validation error: {requestId=Request ID is required}
2025-06-20 11:44:52.359 [http-nio-8080-exec-9] WARN  com.notification.controller.GlobalExceptionHandler - Validation error: {requestId=Request ID is required}
2025-06-20 11:47:51.492 [http-nio-8080-exec-1] INFO  com.notification.controller.SmsController - Received SMS send request for phone number: +919140021436
2025-06-20 11:47:51.494 [http-nio-8080-exec-1] INFO  com.notification.service.SmsService - Processing SMS request: SmsRequestDto(phoneNumber=+919140021436, message=Test to Meesho, Aksha143!, requestId=req-1)
2025-06-20 11:47:51.683 [http-nio-8080-exec-1] INFO  com.notification.kafka.SmsKafkaProducer - Sending SMS request to topic sms-request-topic: SmsRequestDto(phoneNumber=+919140021436, message=Test to Meesho, Aksha143!, requestId=req-1)
2025-06-20 11:47:51.853 [org.springframework.kafka.KafkaListenerEndpointContainer#0-0-C-1] INFO  com.notification.kafka.SmsKafkaConsumer - Processing SMS request for phone +919140021436 from Kafka topic sms-request-topic (partition: 0, offset: 0)
2025-06-20 11:47:51.854 [org.springframework.kafka.KafkaListenerEndpointContainer#0-0-C-1] INFO  com.notification.service.SmsProviderService - Sending SMS to +919140021436 via 3rd party API
2025-06-20 11:47:52.108 [org.springframework.kafka.KafkaListenerEndpointContainer#0-0-C-1] INFO  com.notification.service.SmsProviderService - SMS sent successfully to +919140021436 with requestId: req-1
2025-06-20 11:47:52.109 [org.springframework.kafka.KafkaListenerEndpointContainer#0-0-C-1] INFO  com.notification.kafka.SmsKafkaConsumer - SMS sent successfully for phone +919140021436, external ID: req-1
2025-06-20 11:47:52.132 [org.springframework.kafka.KafkaListenerEndpointContainer#0-0-C-1] INFO  com.notification.kafka.SmsKafkaProducer - Sending SMS response to topic sms-response-topic: SmsResponseDto(id=null, phoneNumber=null, message=null, status=null, createdAt=null, updatedAt=null, data=SmsResponseDto.SuccessData(requestId=req-1, comments=SMS sent successfully, phoneNumber=+919140021436, id=78), error=null)
2025-06-20 11:47:52.262 [org.springframework.kafka.KafkaListenerEndpointContainer#0-0-C-1] INFO  com.notification.kafka.SmsKafkaConsumer - Successfully processed SMS request for phone +919140021436
2025-06-20 11:47:58.988 [http-nio-8080-exec-2] INFO  com.notification.controller.SmsController - Fetching SMS request with ID: 68
2025-06-20 11:47:58.989 [http-nio-8080-exec-2] INFO  com.notification.service.SmsService - Retrieving SMS request with ID: 68
2025-06-20 11:48:01.266 [http-nio-8080-exec-3] INFO  com.notification.controller.SmsController - Fetching SMS request with ID: 68
2025-06-20 11:48:01.267 [http-nio-8080-exec-3] INFO  com.notification.service.SmsService - Retrieving SMS request with ID: 68
2025-06-20 11:48:02.895 [http-nio-8080-exec-4] INFO  com.notification.controller.SmsController - Fetching SMS request with ID: 68
2025-06-20 11:48:02.895 [http-nio-8080-exec-4] INFO  com.notification.service.SmsService - Retrieving SMS request with ID: 68
2025-06-20 11:48:06.481 [http-nio-8080-exec-5] INFO  com.notification.controller.SmsController - Fetching SMS request with ID: 68
2025-06-20 11:48:06.482 [http-nio-8080-exec-5] INFO  com.notification.service.SmsService - Retrieving SMS request with ID: 68
2025-06-20 11:48:14.966 [http-nio-8080-exec-6] INFO  com.notification.controller.SmsController - Fetching SMS request with ID: 68
2025-06-20 11:48:14.967 [http-nio-8080-exec-6] INFO  com.notification.service.SmsService - Retrieving SMS request with ID: 68
2025-06-20 11:50:31.574 [main] INFO  com.notification.NotificationServiceApplication - Starting NotificationServiceApplication using Java 17.0.15 with PID 83083 (/Users/anshkesarwani/Desktop/notification-service/target/classes started by anshkesarwani in /Users/anshkesarwani/Desktop/notification-service)
2025-06-20 11:50:31.577 [main] INFO  com.notification.NotificationServiceApplication - No active profile set, falling back to 1 default profile: "default"
2025-06-20 11:50:33.846 [main] INFO  com.notification.NotificationServiceApplication - Started NotificationServiceApplication in 2.397 seconds (process running for 2.624)
2025-06-20 11:50:51.897 [http-nio-8080-exec-1] INFO  com.notification.controller.SmsController - Received SMS send request for phone number: +919876543210
2025-06-20 11:50:51.900 [http-nio-8080-exec-1] INFO  com.notification.service.SmsService - Processing SMS request: SmsRequestDto(phoneNumber=+919876543210, message=Hello from notification service!, requestId=req-1750400451901-de821e2c)
2025-06-20 11:50:52.076 [http-nio-8080-exec-1] INFO  com.notification.kafka.SmsKafkaProducer - Sending SMS request to topic sms-request-topic: SmsRequestDto(phoneNumber=+919876543210, message=Hello from notification service!, requestId=req-1750400452076-51bb485c)
2025-06-20 11:50:52.120 [org.springframework.kafka.KafkaListenerEndpointContainer#0-0-C-1] INFO  com.notification.kafka.SmsKafkaConsumer - Processing SMS request for phone +919876543210 from Kafka topic sms-request-topic (partition: 0, offset: 1)
2025-06-20 11:50:52.121 [org.springframework.kafka.KafkaListenerEndpointContainer#0-0-C-1] INFO  com.notification.service.SmsProviderService - Sending SMS to +919876543210 via 3rd party API
2025-06-20 11:50:52.331 [org.springframework.kafka.KafkaListenerEndpointContainer#0-0-C-1] INFO  com.notification.service.SmsProviderService - SMS sent successfully to +919876543210 with requestId: req-1750400452101-49761e45
2025-06-20 11:50:52.332 [org.springframework.kafka.KafkaListenerEndpointContainer#0-0-C-1] INFO  com.notification.kafka.SmsKafkaConsumer - SMS sent successfully for phone +919876543210, external ID: req-1750400452101-49761e45
2025-06-20 11:50:52.355 [org.springframework.kafka.KafkaListenerEndpointContainer#0-0-C-1] INFO  com.notification.kafka.SmsKafkaProducer - Sending SMS response to topic sms-response-topic: SmsResponseDto(id=null, phoneNumber=null, message=null, status=null, createdAt=null, updatedAt=null, data=SmsResponseDto.SuccessData(requestId=req-1750400452101-49761e45, comments=SMS sent successfully, phoneNumber=+919876543210, id=79), error=null)
2025-06-20 11:50:52.360 [org.springframework.kafka.KafkaListenerEndpointContainer#0-0-C-1] INFO  com.notification.kafka.SmsKafkaConsumer - Successfully processed SMS request for phone +919876543210
2025-06-20 11:51:28.843 [http-nio-8080-exec-3] INFO  com.notification.controller.SmsController - Received SMS send request for phone number: +919140021436
2025-06-20 11:51:28.844 [http-nio-8080-exec-3] INFO  com.notification.service.SmsService - Processing SMS request: SmsRequestDto(phoneNumber=+919140021436, message=Test to Meesho, Aksha143!, requestId=req-1750400488844-9c45ee6c)
2025-06-20 11:51:28.848 [http-nio-8080-exec-3] INFO  com.notification.kafka.SmsKafkaProducer - Sending SMS request to topic sms-request-topic: SmsRequestDto(phoneNumber=+919140021436, message=Test to Meesho, Aksha143!, requestId=req-1750400488848-26c5e5cb)
2025-06-20 11:51:28.858 [org.springframework.kafka.KafkaListenerEndpointContainer#0-0-C-1] INFO  com.notification.kafka.SmsKafkaConsumer - Processing SMS request for phone +919140021436 from Kafka topic sms-request-topic (partition: 0, offset: 2)
2025-06-20 11:51:28.859 [org.springframework.kafka.KafkaListenerEndpointContainer#0-0-C-1] INFO  com.notification.service.SmsProviderService - Sending SMS to +919140021436 via 3rd party API
2025-06-20 11:51:28.977 [org.springframework.kafka.KafkaListenerEndpointContainer#0-0-C-1] INFO  com.notification.service.SmsProviderService - SMS sent successfully to +919140021436 with requestId: req-1750400488848-6d942c30
2025-06-20 11:51:28.977 [org.springframework.kafka.KafkaListenerEndpointContainer#0-0-C-1] INFO  com.notification.kafka.SmsKafkaConsumer - SMS sent successfully for phone +919140021436, external ID: req-1750400488848-6d942c30
2025-06-20 11:51:28.988 [org.springframework.kafka.KafkaListenerEndpointContainer#0-0-C-1] INFO  com.notification.kafka.SmsKafkaProducer - Sending SMS response to topic sms-response-topic: SmsResponseDto(id=null, phoneNumber=null, message=null, status=null, createdAt=null, updatedAt=null, data=SmsResponseDto.SuccessData(requestId=req-1750400488848-6d942c30, comments=SMS sent successfully, phoneNumber=+919140021436, id=80), error=null)
2025-06-20 11:51:28.989 [org.springframework.kafka.KafkaListenerEndpointContainer#0-0-C-1] INFO  com.notification.kafka.SmsKafkaConsumer - Successfully processed SMS request for phone +919140021436
2025-06-20 11:54:46.677 [http-nio-8080-exec-5] ERROR com.notification.controller.GlobalExceptionHandler - Unexpected error: No static resource v1/blacklist/add.
org.springframework.web.servlet.resource.NoResourceFoundException: No static resource v1/blacklist/add.
	at org.springframework.web.servlet.resource.ResourceHttpRequestHandler.handleRequest(ResourceHttpRequestHandler.java:585) ~[spring-webmvc-6.2.7.jar:6.2.7]
	at org.springframework.web.servlet.mvc.HttpRequestHandlerAdapter.handle(HttpRequestHandlerAdapter.java:52) ~[spring-webmvc-6.2.7.jar:6.2.7]
	at org.springframework.web.servlet.DispatcherServlet.doDispatch(DispatcherServlet.java:1089) [spring-webmvc-6.2.7.jar:6.2.7]
	at org.springframework.web.servlet.DispatcherServlet.doService(DispatcherServlet.java:979) [spring-webmvc-6.2.7.jar:6.2.7]
	at org.springframework.web.servlet.FrameworkServlet.processRequest(FrameworkServlet.java:1014) [spring-webmvc-6.2.7.jar:6.2.7]
	at org.springframework.web.servlet.FrameworkServlet.doPost(FrameworkServlet.java:914) [spring-webmvc-6.2.7.jar:6.2.7]
	at jakarta.servlet.http.HttpServlet.service(HttpServlet.java:590) [tomcat-embed-core-10.1.41.jar:6.0]
	at org.springframework.web.servlet.FrameworkServlet.service(FrameworkServlet.java:885) [spring-webmvc-6.2.7.jar:6.2.7]
	at jakarta.servlet.http.HttpServlet.service(HttpServlet.java:658) [tomcat-embed-core-10.1.41.jar:6.0]
	at org.apache.catalina.core.ApplicationFilterChain.internalDoFilter(ApplicationFilterChain.java:195) [tomcat-embed-core-10.1.41.jar:10.1.41]
	at org.apache.catalina.core.ApplicationFilterChain.doFilter(ApplicationFilterChain.java:140) [tomcat-embed-core-10.1.41.jar:10.1.41]
	at org.apache.tomcat.websocket.server.WsFilter.doFilter(WsFilter.java:51) [tomcat-embed-websocket-10.1.41.jar:10.1.41]
	at org.apache.catalina.core.ApplicationFilterChain.internalDoFilter(ApplicationFilterChain.java:164) [tomcat-embed-core-10.1.41.jar:10.1.41]
	at org.apache.catalina.core.ApplicationFilterChain.doFilter(ApplicationFilterChain.java:140) [tomcat-embed-core-10.1.41.jar:10.1.41]
	at org.springframework.web.filter.RequestContextFilter.doFilterInternal(RequestContextFilter.java:100) [spring-web-6.2.7.jar:6.2.7]
	at org.springframework.web.filter.OncePerRequestFilter.doFilter(OncePerRequestFilter.java:116) [spring-web-6.2.7.jar:6.2.7]
	at org.apache.catalina.core.ApplicationFilterChain.internalDoFilter(ApplicationFilterChain.java:164) [tomcat-embed-core-10.1.41.jar:10.1.41]
	at org.apache.catalina.core.ApplicationFilterChain.doFilter(ApplicationFilterChain.java:140) [tomcat-embed-core-10.1.41.jar:10.1.41]
	at org.springframework.web.filter.FormContentFilter.doFilterInternal(FormContentFilter.java:93) [spring-web-6.2.7.jar:6.2.7]
	at org.springframework.web.filter.OncePerRequestFilter.doFilter(OncePerRequestFilter.java:116) [spring-web-6.2.7.jar:6.2.7]
	at org.apache.catalina.core.ApplicationFilterChain.internalDoFilter(ApplicationFilterChain.java:164) [tomcat-embed-core-10.1.41.jar:10.1.41]
	at org.apache.catalina.core.ApplicationFilterChain.doFilter(ApplicationFilterChain.java:140) [tomcat-embed-core-10.1.41.jar:10.1.41]
	at org.springframework.web.filter.ServerHttpObservationFilter.doFilterInternal(ServerHttpObservationFilter.java:114) [spring-web-6.2.7.jar:6.2.7]
	at org.springframework.web.filter.OncePerRequestFilter.doFilter(OncePerRequestFilter.java:116) [spring-web-6.2.7.jar:6.2.7]
	at org.apache.catalina.core.ApplicationFilterChain.internalDoFilter(ApplicationFilterChain.java:164) [tomcat-embed-core-10.1.41.jar:10.1.41]
	at org.apache.catalina.core.ApplicationFilterChain.doFilter(ApplicationFilterChain.java:140) [tomcat-embed-core-10.1.41.jar:10.1.41]
	at org.springframework.web.filter.CharacterEncodingFilter.doFilterInternal(CharacterEncodingFilter.java:201) [spring-web-6.2.7.jar:6.2.7]
	at org.springframework.web.filter.OncePerRequestFilter.doFilter(OncePerRequestFilter.java:116) [spring-web-6.2.7.jar:6.2.7]
	at org.apache.catalina.core.ApplicationFilterChain.internalDoFilter(ApplicationFilterChain.java:164) [tomcat-embed-core-10.1.41.jar:10.1.41]
	at org.apache.catalina.core.ApplicationFilterChain.doFilter(ApplicationFilterChain.java:140) [tomcat-embed-core-10.1.41.jar:10.1.41]
	at org.apache.catalina.core.StandardWrapperValve.invoke(StandardWrapperValve.java:167) [tomcat-embed-core-10.1.41.jar:10.1.41]
	at org.apache.catalina.core.StandardContextValve.invoke(StandardContextValve.java:90) [tomcat-embed-core-10.1.41.jar:10.1.41]
	at org.apache.catalina.authenticator.AuthenticatorBase.invoke(AuthenticatorBase.java:483) [tomcat-embed-core-10.1.41.jar:10.1.41]
	at org.apache.catalina.core.StandardHostValve.invoke(StandardHostValve.java:116) [tomcat-embed-core-10.1.41.jar:10.1.41]
	at org.apache.catalina.valves.ErrorReportValve.invoke(ErrorReportValve.java:93) [tomcat-embed-core-10.1.41.jar:10.1.41]
	at org.apache.catalina.core.StandardEngineValve.invoke(StandardEngineValve.java:74) [tomcat-embed-core-10.1.41.jar:10.1.41]
	at org.apache.catalina.connector.CoyoteAdapter.service(CoyoteAdapter.java:344) [tomcat-embed-core-10.1.41.jar:10.1.41]
	at org.apache.coyote.http11.Http11Processor.service(Http11Processor.java:398) [tomcat-embed-core-10.1.41.jar:10.1.41]
	at org.apache.coyote.AbstractProcessorLight.process(AbstractProcessorLight.java:63) [tomcat-embed-core-10.1.41.jar:10.1.41]
	at org.apache.coyote.AbstractProtocol$ConnectionHandler.process(AbstractProtocol.java:903) [tomcat-embed-core-10.1.41.jar:10.1.41]
	at org.apache.tomcat.util.net.NioEndpoint$SocketProcessor.doRun(NioEndpoint.java:1740) [tomcat-embed-core-10.1.41.jar:10.1.41]
	at org.apache.tomcat.util.net.SocketProcessorBase.run(SocketProcessorBase.java:52) [tomcat-embed-core-10.1.41.jar:10.1.41]
	at org.apache.tomcat.util.threads.ThreadPoolExecutor.runWorker(ThreadPoolExecutor.java:1189) [tomcat-embed-core-10.1.41.jar:10.1.41]
	at org.apache.tomcat.util.threads.ThreadPoolExecutor$Worker.run(ThreadPoolExecutor.java:658) [tomcat-embed-core-10.1.41.jar:10.1.41]
	at org.apache.tomcat.util.threads.TaskThread$WrappingRunnable.run(TaskThread.java:63) [tomcat-embed-core-10.1.41.jar:10.1.41]
	at java.base/java.lang.Thread.run(Thread.java:840) [?:?]
2025-06-20 11:54:56.494 [http-nio-8080-exec-6] INFO  com.notification.controller.BlacklistController - Adding 1 phone numbers to blacklist
2025-06-20 11:55:12.780 [http-nio-8080-exec-8] INFO  com.notification.controller.SmsController - Received SMS send request for phone number: +919876543210
2025-06-20 11:55:12.781 [http-nio-8080-exec-8] INFO  com.notification.service.SmsService - Processing SMS request: SmsRequestDto(phoneNumber=+919876543210, message=This should be blocked, requestId=req-1750400712781-0a26f1c3)
2025-06-20 11:55:12.782 [http-nio-8080-exec-8] WARN  com.notification.service.SmsService - SMS request rejected - phone number +919876543210 is blacklisted
2025-06-20 11:56:23.485 [http-nio-8080-exec-1] INFO  com.notification.controller.SmsController - Searching SMS requests with filters: phoneNumber=null, startTime=null, endTime=null, text=143
2025-06-20 11:56:23.485 [http-nio-8080-exec-1] INFO  com.notification.service.SmsService - Searching SMS requests by text: 143, page: 0, size: 10
2025-06-20 11:56:33.715 [http-nio-8080-exec-2] INFO  com.notification.controller.SmsController - Searching SMS requests with filters: phoneNumber=null, startTime=2025-06-16T00:00:00Z, endTime=2025-06-16T23:59:59Z, text=null
2025-06-20 11:56:33.716 [http-nio-8080-exec-2] INFO  com.notification.service.SmsService - Searching SMS requests by date range: 2025-06-16T00:00 to 2025-06-16T23:59:59, page: 0, size: 10
2025-06-20 11:56:41.433 [http-nio-8080-exec-3] INFO  com.notification.controller.SmsController - Searching SMS requests with filters: phoneNumber=null, startTime=2025-06-16T00:00:00Z, endTime=2025-06-20T23:59:59Z, text=null
2025-06-20 11:56:41.434 [http-nio-8080-exec-3] INFO  com.notification.service.SmsService - Searching SMS requests by date range: 2025-06-16T00:00 to 2025-06-20T23:59:59, page: 0, size: 10
2025-06-20 12:16:56.340 [http-nio-8080-exec-6] INFO  com.notification.controller.SmsController - Fetching SMS request with ID: 68
2025-06-20 12:16:56.341 [http-nio-8080-exec-6] INFO  com.notification.service.SmsService - Retrieving SMS request with ID: 68
2025-06-20 12:19:54.958 [main] INFO  com.notification.NotificationServiceApplication - Starting NotificationServiceApplication using Java 17.0.15 with PID 88243 (/Users/anshkesarwani/Desktop/notification-service/target/classes started by anshkesarwani in /Users/anshkesarwani/Desktop/notification-service)
2025-06-20 12:19:54.961 [main] INFO  com.notification.NotificationServiceApplication - No active profile set, falling back to 1 default profile: "default"
2025-06-20 12:19:57.262 [main] INFO  com.notification.NotificationServiceApplication - Started NotificationServiceApplication in 2.437 seconds (process running for 2.664)
2025-06-20 12:20:17.842 [http-nio-8080-exec-2] INFO  com.notification.controller.SmsController - Received SMS send request for phone number: +919876543210
2025-06-20 12:20:17.847 [http-nio-8080-exec-2] INFO  com.notification.service.SmsService - Processing SMS request: SmsRequestDto(phoneNumber=+919876543210, message=Test message after restart, requestId=req-1750402217848-120bdc72)
2025-06-20 12:20:17.866 [http-nio-8080-exec-2] WARN  com.notification.service.SmsService - SMS request rejected - phone number +919876543210 is blacklisted
2025-06-20 12:20:22.883 [http-nio-8080-exec-4] INFO  com.notification.controller.SmsController - Received SMS send request for phone number: +919876543211
2025-06-20 12:20:22.884 [http-nio-8080-exec-4] INFO  com.notification.service.SmsService - Processing SMS request: SmsRequestDto(phoneNumber=+919876543211, message=Test message after restart, requestId=req-1750402222884-4f77bc83)
2025-06-20 12:20:22.941 [http-nio-8080-exec-4] INFO  com.notification.kafka.SmsKafkaProducer - Sending SMS request to topic sms-request-topic: SmsRequestDto(phoneNumber=+919876543211, message=Test message after restart, requestId=req-1750402222941-85b7c319)
2025-06-20 12:20:22.980 [org.springframework.kafka.KafkaListenerEndpointContainer#0-0-C-1] INFO  com.notification.kafka.SmsKafkaConsumer - Processing SMS request for phone +919876543211 from Kafka topic sms-request-topic (partition: 0, offset: 3)
2025-06-20 12:20:22.980 [org.springframework.kafka.KafkaListenerEndpointContainer#0-0-C-1] INFO  com.notification.service.SmsProviderService - Sending SMS to +919876543211 via 3rd party API
2025-06-20 12:20:23.230 [org.springframework.kafka.KafkaListenerEndpointContainer#0-0-C-1] INFO  com.notification.service.SmsProviderService - SMS sent successfully to +919876543211 with requestId: req-1750402222961-4a2f3af2
2025-06-20 12:20:23.231 [org.springframework.kafka.KafkaListenerEndpointContainer#0-0-C-1] INFO  com.notification.kafka.SmsKafkaConsumer - SMS sent successfully for phone +919876543211, external ID: req-1750402222961-4a2f3af2
2025-06-20 12:20:23.256 [org.springframework.kafka.KafkaListenerEndpointContainer#0-0-C-1] INFO  com.notification.kafka.SmsKafkaProducer - Sending SMS response to topic sms-response-topic: SmsResponseDto(id=null, phoneNumber=null, message=null, status=null, createdAt=null, updatedAt=null, data=SmsResponseDto.SuccessData(requestId=req-1750402222961-4a2f3af2, comments=SMS sent successfully, phoneNumber=+919876543211, id=81), error=null)
2025-06-20 12:20:23.260 [org.springframework.kafka.KafkaListenerEndpointContainer#0-0-C-1] INFO  com.notification.kafka.SmsKafkaConsumer - Successfully processed SMS request for phone +919876543211
2025-06-20 12:20:34.120 [http-nio-8080-exec-6] INFO  com.notification.controller.SmsController - Fetching SMS request with ID: 81
2025-06-20 12:20:34.120 [http-nio-8080-exec-6] INFO  com.notification.service.SmsService - Retrieving SMS request with ID: 81
2025-06-20 12:28:45.444 [main] INFO  com.notification.NotificationServiceApplication - Starting NotificationServiceApplication using Java 17.0.15 with PID 90341 (/Users/anshkesarwani/Desktop/notification-service/target/classes started by anshkesarwani in /Users/anshkesarwani/Desktop/notification-service)
2025-06-20 12:28:45.447 [main] INFO  com.notification.NotificationServiceApplication - No active profile set, falling back to 1 default profile: "default"
2025-06-20 12:28:47.915 [main] INFO  com.notification.NotificationServiceApplication - Started NotificationServiceApplication in 2.592 seconds (process running for 2.814)
2025-06-20 12:31:47.358 [http-nio-8080-exec-2] ERROR com.notification.controller.GlobalExceptionHandler - Unexpected error: No static resource health.
org.springframework.web.servlet.resource.NoResourceFoundException: No static resource health.
	at org.springframework.web.servlet.resource.ResourceHttpRequestHandler.handleRequest(ResourceHttpRequestHandler.java:585) ~[spring-webmvc-6.2.7.jar:6.2.7]
	at org.springframework.web.servlet.mvc.HttpRequestHandlerAdapter.handle(HttpRequestHandlerAdapter.java:52) ~[spring-webmvc-6.2.7.jar:6.2.7]
	at org.springframework.web.servlet.DispatcherServlet.doDispatch(DispatcherServlet.java:1089) [spring-webmvc-6.2.7.jar:6.2.7]
	at org.springframework.web.servlet.DispatcherServlet.doService(DispatcherServlet.java:979) [spring-webmvc-6.2.7.jar:6.2.7]
	at org.springframework.web.servlet.FrameworkServlet.processRequest(FrameworkServlet.java:1014) [spring-webmvc-6.2.7.jar:6.2.7]
	at org.springframework.web.servlet.FrameworkServlet.doGet(FrameworkServlet.java:903) [spring-webmvc-6.2.7.jar:6.2.7]
	at jakarta.servlet.http.HttpServlet.service(HttpServlet.java:564) [tomcat-embed-core-10.1.41.jar:6.0]
	at org.springframework.web.servlet.FrameworkServlet.service(FrameworkServlet.java:885) [spring-webmvc-6.2.7.jar:6.2.7]
	at jakarta.servlet.http.HttpServlet.service(HttpServlet.java:658) [tomcat-embed-core-10.1.41.jar:6.0]
	at org.apache.catalina.core.ApplicationFilterChain.internalDoFilter(ApplicationFilterChain.java:195) [tomcat-embed-core-10.1.41.jar:10.1.41]
	at org.apache.catalina.core.ApplicationFilterChain.doFilter(ApplicationFilterChain.java:140) [tomcat-embed-core-10.1.41.jar:10.1.41]
	at org.apache.tomcat.websocket.server.WsFilter.doFilter(WsFilter.java:51) [tomcat-embed-websocket-10.1.41.jar:10.1.41]
	at org.apache.catalina.core.ApplicationFilterChain.internalDoFilter(ApplicationFilterChain.java:164) [tomcat-embed-core-10.1.41.jar:10.1.41]
	at org.apache.catalina.core.ApplicationFilterChain.doFilter(ApplicationFilterChain.java:140) [tomcat-embed-core-10.1.41.jar:10.1.41]
	at org.springframework.web.filter.RequestContextFilter.doFilterInternal(RequestContextFilter.java:100) [spring-web-6.2.7.jar:6.2.7]
	at org.springframework.web.filter.OncePerRequestFilter.doFilter(OncePerRequestFilter.java:116) [spring-web-6.2.7.jar:6.2.7]
	at org.apache.catalina.core.ApplicationFilterChain.internalDoFilter(ApplicationFilterChain.java:164) [tomcat-embed-core-10.1.41.jar:10.1.41]
	at org.apache.catalina.core.ApplicationFilterChain.doFilter(ApplicationFilterChain.java:140) [tomcat-embed-core-10.1.41.jar:10.1.41]
	at org.springframework.web.filter.FormContentFilter.doFilterInternal(FormContentFilter.java:93) [spring-web-6.2.7.jar:6.2.7]
	at org.springframework.web.filter.OncePerRequestFilter.doFilter(OncePerRequestFilter.java:116) [spring-web-6.2.7.jar:6.2.7]
	at org.apache.catalina.core.ApplicationFilterChain.internalDoFilter(ApplicationFilterChain.java:164) [tomcat-embed-core-10.1.41.jar:10.1.41]
	at org.apache.catalina.core.ApplicationFilterChain.doFilter(ApplicationFilterChain.java:140) [tomcat-embed-core-10.1.41.jar:10.1.41]
	at org.springframework.web.filter.ServerHttpObservationFilter.doFilterInternal(ServerHttpObservationFilter.java:114) [spring-web-6.2.7.jar:6.2.7]
	at org.springframework.web.filter.OncePerRequestFilter.doFilter(OncePerRequestFilter.java:116) [spring-web-6.2.7.jar:6.2.7]
	at org.apache.catalina.core.ApplicationFilterChain.internalDoFilter(ApplicationFilterChain.java:164) [tomcat-embed-core-10.1.41.jar:10.1.41]
	at org.apache.catalina.core.ApplicationFilterChain.doFilter(ApplicationFilterChain.java:140) [tomcat-embed-core-10.1.41.jar:10.1.41]
	at org.springframework.web.filter.CharacterEncodingFilter.doFilterInternal(CharacterEncodingFilter.java:201) [spring-web-6.2.7.jar:6.2.7]
	at org.springframework.web.filter.OncePerRequestFilter.doFilter(OncePerRequestFilter.java:116) [spring-web-6.2.7.jar:6.2.7]
	at org.apache.catalina.core.ApplicationFilterChain.internalDoFilter(ApplicationFilterChain.java:164) [tomcat-embed-core-10.1.41.jar:10.1.41]
	at org.apache.catalina.core.ApplicationFilterChain.doFilter(ApplicationFilterChain.java:140) [tomcat-embed-core-10.1.41.jar:10.1.41]
	at org.apache.catalina.core.StandardWrapperValve.invoke(StandardWrapperValve.java:167) [tomcat-embed-core-10.1.41.jar:10.1.41]
	at org.apache.catalina.core.StandardContextValve.invoke(StandardContextValve.java:90) [tomcat-embed-core-10.1.41.jar:10.1.41]
	at org.apache.catalina.authenticator.AuthenticatorBase.invoke(AuthenticatorBase.java:483) [tomcat-embed-core-10.1.41.jar:10.1.41]
	at org.apache.catalina.core.StandardHostValve.invoke(StandardHostValve.java:116) [tomcat-embed-core-10.1.41.jar:10.1.41]
	at org.apache.catalina.valves.ErrorReportValve.invoke(ErrorReportValve.java:93) [tomcat-embed-core-10.1.41.jar:10.1.41]
	at org.apache.catalina.core.StandardEngineValve.invoke(StandardEngineValve.java:74) [tomcat-embed-core-10.1.41.jar:10.1.41]
	at org.apache.catalina.connector.CoyoteAdapter.service(CoyoteAdapter.java:344) [tomcat-embed-core-10.1.41.jar:10.1.41]
	at org.apache.coyote.http11.Http11Processor.service(Http11Processor.java:398) [tomcat-embed-core-10.1.41.jar:10.1.41]
	at org.apache.coyote.AbstractProcessorLight.process(AbstractProcessorLight.java:63) [tomcat-embed-core-10.1.41.jar:10.1.41]
	at org.apache.coyote.AbstractProtocol$ConnectionHandler.process(AbstractProtocol.java:903) [tomcat-embed-core-10.1.41.jar:10.1.41]
	at org.apache.tomcat.util.net.NioEndpoint$SocketProcessor.doRun(NioEndpoint.java:1740) [tomcat-embed-core-10.1.41.jar:10.1.41]
	at org.apache.tomcat.util.net.SocketProcessorBase.run(SocketProcessorBase.java:52) [tomcat-embed-core-10.1.41.jar:10.1.41]
	at org.apache.tomcat.util.threads.ThreadPoolExecutor.runWorker(ThreadPoolExecutor.java:1189) [tomcat-embed-core-10.1.41.jar:10.1.41]
	at org.apache.tomcat.util.threads.ThreadPoolExecutor$Worker.run(ThreadPoolExecutor.java:658) [tomcat-embed-core-10.1.41.jar:10.1.41]
	at org.apache.tomcat.util.threads.TaskThread$WrappingRunnable.run(TaskThread.java:63) [tomcat-embed-core-10.1.41.jar:10.1.41]
	at java.base/java.lang.Thread.run(Thread.java:840) [?:?]
2025-06-20 12:31:54.461 [http-nio-8080-exec-3] ERROR com.notification.controller.GlobalExceptionHandler - Unexpected error: No static resource api/health.
org.springframework.web.servlet.resource.NoResourceFoundException: No static resource api/health.
	at org.springframework.web.servlet.resource.ResourceHttpRequestHandler.handleRequest(ResourceHttpRequestHandler.java:585) ~[spring-webmvc-6.2.7.jar:6.2.7]
	at org.springframework.web.servlet.mvc.HttpRequestHandlerAdapter.handle(HttpRequestHandlerAdapter.java:52) ~[spring-webmvc-6.2.7.jar:6.2.7]
	at org.springframework.web.servlet.DispatcherServlet.doDispatch(DispatcherServlet.java:1089) [spring-webmvc-6.2.7.jar:6.2.7]
	at org.springframework.web.servlet.DispatcherServlet.doService(DispatcherServlet.java:979) [spring-webmvc-6.2.7.jar:6.2.7]
	at org.springframework.web.servlet.FrameworkServlet.processRequest(FrameworkServlet.java:1014) [spring-webmvc-6.2.7.jar:6.2.7]
	at org.springframework.web.servlet.FrameworkServlet.doGet(FrameworkServlet.java:903) [spring-webmvc-6.2.7.jar:6.2.7]
	at jakarta.servlet.http.HttpServlet.service(HttpServlet.java:564) [tomcat-embed-core-10.1.41.jar:6.0]
	at org.springframework.web.servlet.FrameworkServlet.service(FrameworkServlet.java:885) [spring-webmvc-6.2.7.jar:6.2.7]
	at jakarta.servlet.http.HttpServlet.service(HttpServlet.java:658) [tomcat-embed-core-10.1.41.jar:6.0]
	at org.apache.catalina.core.ApplicationFilterChain.internalDoFilter(ApplicationFilterChain.java:195) [tomcat-embed-core-10.1.41.jar:10.1.41]
	at org.apache.catalina.core.ApplicationFilterChain.doFilter(ApplicationFilterChain.java:140) [tomcat-embed-core-10.1.41.jar:10.1.41]
	at org.apache.tomcat.websocket.server.WsFilter.doFilter(WsFilter.java:51) [tomcat-embed-websocket-10.1.41.jar:10.1.41]
	at org.apache.catalina.core.ApplicationFilterChain.internalDoFilter(ApplicationFilterChain.java:164) [tomcat-embed-core-10.1.41.jar:10.1.41]
	at org.apache.catalina.core.ApplicationFilterChain.doFilter(ApplicationFilterChain.java:140) [tomcat-embed-core-10.1.41.jar:10.1.41]
	at org.springframework.web.filter.RequestContextFilter.doFilterInternal(RequestContextFilter.java:100) [spring-web-6.2.7.jar:6.2.7]
	at org.springframework.web.filter.OncePerRequestFilter.doFilter(OncePerRequestFilter.java:116) [spring-web-6.2.7.jar:6.2.7]
	at org.apache.catalina.core.ApplicationFilterChain.internalDoFilter(ApplicationFilterChain.java:164) [tomcat-embed-core-10.1.41.jar:10.1.41]
	at org.apache.catalina.core.ApplicationFilterChain.doFilter(ApplicationFilterChain.java:140) [tomcat-embed-core-10.1.41.jar:10.1.41]
	at org.springframework.web.filter.FormContentFilter.doFilterInternal(FormContentFilter.java:93) [spring-web-6.2.7.jar:6.2.7]
	at org.springframework.web.filter.OncePerRequestFilter.doFilter(OncePerRequestFilter.java:116) [spring-web-6.2.7.jar:6.2.7]
	at org.apache.catalina.core.ApplicationFilterChain.internalDoFilter(ApplicationFilterChain.java:164) [tomcat-embed-core-10.1.41.jar:10.1.41]
	at org.apache.catalina.core.ApplicationFilterChain.doFilter(ApplicationFilterChain.java:140) [tomcat-embed-core-10.1.41.jar:10.1.41]
	at org.springframework.web.filter.ServerHttpObservationFilter.doFilterInternal(ServerHttpObservationFilter.java:114) [spring-web-6.2.7.jar:6.2.7]
	at org.springframework.web.filter.OncePerRequestFilter.doFilter(OncePerRequestFilter.java:116) [spring-web-6.2.7.jar:6.2.7]
	at org.apache.catalina.core.ApplicationFilterChain.internalDoFilter(ApplicationFilterChain.java:164) [tomcat-embed-core-10.1.41.jar:10.1.41]
	at org.apache.catalina.core.ApplicationFilterChain.doFilter(ApplicationFilterChain.java:140) [tomcat-embed-core-10.1.41.jar:10.1.41]
	at org.springframework.web.filter.CharacterEncodingFilter.doFilterInternal(CharacterEncodingFilter.java:201) [spring-web-6.2.7.jar:6.2.7]
	at org.springframework.web.filter.OncePerRequestFilter.doFilter(OncePerRequestFilter.java:116) [spring-web-6.2.7.jar:6.2.7]
	at org.apache.catalina.core.ApplicationFilterChain.internalDoFilter(ApplicationFilterChain.java:164) [tomcat-embed-core-10.1.41.jar:10.1.41]
	at org.apache.catalina.core.ApplicationFilterChain.doFilter(ApplicationFilterChain.java:140) [tomcat-embed-core-10.1.41.jar:10.1.41]
	at org.apache.catalina.core.StandardWrapperValve.invoke(StandardWrapperValve.java:167) [tomcat-embed-core-10.1.41.jar:10.1.41]
	at org.apache.catalina.core.StandardContextValve.invoke(StandardContextValve.java:90) [tomcat-embed-core-10.1.41.jar:10.1.41]
	at org.apache.catalina.authenticator.AuthenticatorBase.invoke(AuthenticatorBase.java:483) [tomcat-embed-core-10.1.41.jar:10.1.41]
	at org.apache.catalina.core.StandardHostValve.invoke(StandardHostValve.java:116) [tomcat-embed-core-10.1.41.jar:10.1.41]
	at org.apache.catalina.valves.ErrorReportValve.invoke(ErrorReportValve.java:93) [tomcat-embed-core-10.1.41.jar:10.1.41]
	at org.apache.catalina.core.StandardEngineValve.invoke(StandardEngineValve.java:74) [tomcat-embed-core-10.1.41.jar:10.1.41]
	at org.apache.catalina.connector.CoyoteAdapter.service(CoyoteAdapter.java:344) [tomcat-embed-core-10.1.41.jar:10.1.41]
	at org.apache.coyote.http11.Http11Processor.service(Http11Processor.java:398) [tomcat-embed-core-10.1.41.jar:10.1.41]
	at org.apache.coyote.AbstractProcessorLight.process(AbstractProcessorLight.java:63) [tomcat-embed-core-10.1.41.jar:10.1.41]
	at org.apache.coyote.AbstractProtocol$ConnectionHandler.process(AbstractProtocol.java:903) [tomcat-embed-core-10.1.41.jar:10.1.41]
	at org.apache.tomcat.util.net.NioEndpoint$SocketProcessor.doRun(NioEndpoint.java:1740) [tomcat-embed-core-10.1.41.jar:10.1.41]
	at org.apache.tomcat.util.net.SocketProcessorBase.run(SocketProcessorBase.java:52) [tomcat-embed-core-10.1.41.jar:10.1.41]
	at org.apache.tomcat.util.threads.ThreadPoolExecutor.runWorker(ThreadPoolExecutor.java:1189) [tomcat-embed-core-10.1.41.jar:10.1.41]
	at org.apache.tomcat.util.threads.ThreadPoolExecutor$Worker.run(ThreadPoolExecutor.java:658) [tomcat-embed-core-10.1.41.jar:10.1.41]
	at org.apache.tomcat.util.threads.TaskThread$WrappingRunnable.run(TaskThread.java:63) [tomcat-embed-core-10.1.41.jar:10.1.41]
	at java.base/java.lang.Thread.run(Thread.java:840) [?:?]
2025-06-20 12:32:08.327 [http-nio-8080-exec-6] ERROR com.notification.controller.GlobalExceptionHandler - Unexpected error: JSON parse error: Unrecognized field "priority" (class com.notification.dto.SmsRequestDto), not marked as ignorable
org.springframework.http.converter.HttpMessageNotReadableException: JSON parse error: Unrecognized field "priority" (class com.notification.dto.SmsRequestDto), not marked as ignorable
	at org.springframework.http.converter.json.AbstractJackson2HttpMessageConverter.readJavaType(AbstractJackson2HttpMessageConverter.java:408) ~[spring-web-6.2.7.jar:6.2.7]
	at org.springframework.http.converter.json.AbstractJackson2HttpMessageConverter.read(AbstractJackson2HttpMessageConverter.java:356) ~[spring-web-6.2.7.jar:6.2.7]
	at org.springframework.web.servlet.mvc.method.annotation.AbstractMessageConverterMethodArgumentResolver.readWithMessageConverters(AbstractMessageConverterMethodArgumentResolver.java:204) ~[spring-webmvc-6.2.7.jar:6.2.7]
	at org.springframework.web.servlet.mvc.method.annotation.RequestResponseBodyMethodProcessor.readWithMessageConverters(RequestResponseBodyMethodProcessor.java:176) ~[spring-webmvc-6.2.7.jar:6.2.7]
	at org.springframework.web.servlet.mvc.method.annotation.RequestResponseBodyMethodProcessor.resolveArgument(RequestResponseBodyMethodProcessor.java:150) ~[spring-webmvc-6.2.7.jar:6.2.7]
	at org.springframework.web.method.support.HandlerMethodArgumentResolverComposite.resolveArgument(HandlerMethodArgumentResolverComposite.java:122) ~[spring-web-6.2.7.jar:6.2.7]
	at org.springframework.web.method.support.InvocableHandlerMethod.getMethodArgumentValues(InvocableHandlerMethod.java:227) ~[spring-web-6.2.7.jar:6.2.7]
	at org.springframework.web.method.support.InvocableHandlerMethod.invokeForRequest(InvocableHandlerMethod.java:181) ~[spring-web-6.2.7.jar:6.2.7]
	at org.springframework.web.servlet.mvc.method.annotation.ServletInvocableHandlerMethod.invokeAndHandle(ServletInvocableHandlerMethod.java:118) ~[spring-webmvc-6.2.7.jar:6.2.7]
	at org.springframework.web.servlet.mvc.method.annotation.RequestMappingHandlerAdapter.invokeHandlerMethod(RequestMappingHandlerAdapter.java:986) ~[spring-webmvc-6.2.7.jar:6.2.7]
	at org.springframework.web.servlet.mvc.method.annotation.RequestMappingHandlerAdapter.handleInternal(RequestMappingHandlerAdapter.java:891) ~[spring-webmvc-6.2.7.jar:6.2.7]
	at org.springframework.web.servlet.mvc.method.AbstractHandlerMethodAdapter.handle(AbstractHandlerMethodAdapter.java:87) ~[spring-webmvc-6.2.7.jar:6.2.7]
	at org.springframework.web.servlet.DispatcherServlet.doDispatch(DispatcherServlet.java:1089) [spring-webmvc-6.2.7.jar:6.2.7]
	at org.springframework.web.servlet.DispatcherServlet.doService(DispatcherServlet.java:979) [spring-webmvc-6.2.7.jar:6.2.7]
	at org.springframework.web.servlet.FrameworkServlet.processRequest(FrameworkServlet.java:1014) [spring-webmvc-6.2.7.jar:6.2.7]
	at org.springframework.web.servlet.FrameworkServlet.doPost(FrameworkServlet.java:914) [spring-webmvc-6.2.7.jar:6.2.7]
	at jakarta.servlet.http.HttpServlet.service(HttpServlet.java:590) [tomcat-embed-core-10.1.41.jar:6.0]
	at org.springframework.web.servlet.FrameworkServlet.service(FrameworkServlet.java:885) [spring-webmvc-6.2.7.jar:6.2.7]
	at jakarta.servlet.http.HttpServlet.service(HttpServlet.java:658) [tomcat-embed-core-10.1.41.jar:6.0]
	at org.apache.catalina.core.ApplicationFilterChain.internalDoFilter(ApplicationFilterChain.java:195) [tomcat-embed-core-10.1.41.jar:10.1.41]
	at org.apache.catalina.core.ApplicationFilterChain.doFilter(ApplicationFilterChain.java:140) [tomcat-embed-core-10.1.41.jar:10.1.41]
	at org.apache.tomcat.websocket.server.WsFilter.doFilter(WsFilter.java:51) [tomcat-embed-websocket-10.1.41.jar:10.1.41]
	at org.apache.catalina.core.ApplicationFilterChain.internalDoFilter(ApplicationFilterChain.java:164) [tomcat-embed-core-10.1.41.jar:10.1.41]
	at org.apache.catalina.core.ApplicationFilterChain.doFilter(ApplicationFilterChain.java:140) [tomcat-embed-core-10.1.41.jar:10.1.41]
	at org.springframework.web.filter.RequestContextFilter.doFilterInternal(RequestContextFilter.java:100) [spring-web-6.2.7.jar:6.2.7]
	at org.springframework.web.filter.OncePerRequestFilter.doFilter(OncePerRequestFilter.java:116) [spring-web-6.2.7.jar:6.2.7]
	at org.apache.catalina.core.ApplicationFilterChain.internalDoFilter(ApplicationFilterChain.java:164) [tomcat-embed-core-10.1.41.jar:10.1.41]
	at org.apache.catalina.core.ApplicationFilterChain.doFilter(ApplicationFilterChain.java:140) [tomcat-embed-core-10.1.41.jar:10.1.41]
	at org.springframework.web.filter.FormContentFilter.doFilterInternal(FormContentFilter.java:93) [spring-web-6.2.7.jar:6.2.7]
	at org.springframework.web.filter.OncePerRequestFilter.doFilter(OncePerRequestFilter.java:116) [spring-web-6.2.7.jar:6.2.7]
	at org.apache.catalina.core.ApplicationFilterChain.internalDoFilter(ApplicationFilterChain.java:164) [tomcat-embed-core-10.1.41.jar:10.1.41]
	at org.apache.catalina.core.ApplicationFilterChain.doFilter(ApplicationFilterChain.java:140) [tomcat-embed-core-10.1.41.jar:10.1.41]
	at org.springframework.web.filter.ServerHttpObservationFilter.doFilterInternal(ServerHttpObservationFilter.java:114) [spring-web-6.2.7.jar:6.2.7]
	at org.springframework.web.filter.OncePerRequestFilter.doFilter(OncePerRequestFilter.java:116) [spring-web-6.2.7.jar:6.2.7]
	at org.apache.catalina.core.ApplicationFilterChain.internalDoFilter(ApplicationFilterChain.java:164) [tomcat-embed-core-10.1.41.jar:10.1.41]
	at org.apache.catalina.core.ApplicationFilterChain.doFilter(ApplicationFilterChain.java:140) [tomcat-embed-core-10.1.41.jar:10.1.41]
	at org.springframework.web.filter.CharacterEncodingFilter.doFilterInternal(CharacterEncodingFilter.java:201) [spring-web-6.2.7.jar:6.2.7]
	at org.springframework.web.filter.OncePerRequestFilter.doFilter(OncePerRequestFilter.java:116) [spring-web-6.2.7.jar:6.2.7]
	at org.apache.catalina.core.ApplicationFilterChain.internalDoFilter(ApplicationFilterChain.java:164) [tomcat-embed-core-10.1.41.jar:10.1.41]
	at org.apache.catalina.core.ApplicationFilterChain.doFilter(ApplicationFilterChain.java:140) [tomcat-embed-core-10.1.41.jar:10.1.41]
	at org.apache.catalina.core.StandardWrapperValve.invoke(StandardWrapperValve.java:167) [tomcat-embed-core-10.1.41.jar:10.1.41]
	at org.apache.catalina.core.StandardContextValve.invoke(StandardContextValve.java:90) [tomcat-embed-core-10.1.41.jar:10.1.41]
	at org.apache.catalina.authenticator.AuthenticatorBase.invoke(AuthenticatorBase.java:483) [tomcat-embed-core-10.1.41.jar:10.1.41]
	at org.apache.catalina.core.StandardHostValve.invoke(StandardHostValve.java:116) [tomcat-embed-core-10.1.41.jar:10.1.41]
	at org.apache.catalina.valves.ErrorReportValve.invoke(ErrorReportValve.java:93) [tomcat-embed-core-10.1.41.jar:10.1.41]
	at org.apache.catalina.core.StandardEngineValve.invoke(StandardEngineValve.java:74) [tomcat-embed-core-10.1.41.jar:10.1.41]
	at org.apache.catalina.connector.CoyoteAdapter.service(CoyoteAdapter.java:344) [tomcat-embed-core-10.1.41.jar:10.1.41]
	at org.apache.coyote.http11.Http11Processor.service(Http11Processor.java:398) [tomcat-embed-core-10.1.41.jar:10.1.41]
	at org.apache.coyote.AbstractProcessorLight.process(AbstractProcessorLight.java:63) [tomcat-embed-core-10.1.41.jar:10.1.41]
	at org.apache.coyote.AbstractProtocol$ConnectionHandler.process(AbstractProtocol.java:903) [tomcat-embed-core-10.1.41.jar:10.1.41]
	at org.apache.tomcat.util.net.NioEndpoint$SocketProcessor.doRun(NioEndpoint.java:1740) [tomcat-embed-core-10.1.41.jar:10.1.41]
	at org.apache.tomcat.util.net.SocketProcessorBase.run(SocketProcessorBase.java:52) [tomcat-embed-core-10.1.41.jar:10.1.41]
	at org.apache.tomcat.util.threads.ThreadPoolExecutor.runWorker(ThreadPoolExecutor.java:1189) [tomcat-embed-core-10.1.41.jar:10.1.41]
	at org.apache.tomcat.util.threads.ThreadPoolExecutor$Worker.run(ThreadPoolExecutor.java:658) [tomcat-embed-core-10.1.41.jar:10.1.41]
	at org.apache.tomcat.util.threads.TaskThread$WrappingRunnable.run(TaskThread.java:63) [tomcat-embed-core-10.1.41.jar:10.1.41]
	at java.base/java.lang.Thread.run(Thread.java:840) [?:?]
Caused by: com.fasterxml.jackson.databind.exc.UnrecognizedPropertyException: Unrecognized field "priority" (class com.notification.dto.SmsRequestDto), not marked as ignorable (3 known properties: "requestId", "phoneNumber", "message"])
 at [Source: REDACTED (`StreamReadFeature.INCLUDE_SOURCE_IN_LOCATION` disabled); line: 1, column: 97] (through reference chain: com.notification.dto.SmsRequestDto["priority"])
	at com.fasterxml.jackson.databind.exc.UnrecognizedPropertyException.from(UnrecognizedPropertyException.java:61) ~[jackson-databind-2.19.0.jar:2.19.0]
	at com.fasterxml.jackson.databind.DeserializationContext.handleUnknownProperty(DeserializationContext.java:1180) ~[jackson-databind-2.19.0.jar:2.19.0]
	at com.fasterxml.jackson.databind.deser.std.StdDeserializer.handleUnknownProperty(StdDeserializer.java:2244) ~[jackson-databind-2.19.0.jar:2.19.0]
	at com.fasterxml.jackson.databind.deser.BeanDeserializerBase.handleUnknownProperty(BeanDeserializerBase.java:1823) ~[jackson-databind-2.19.0.jar:2.19.0]
	at com.fasterxml.jackson.databind.deser.BeanDeserializerBase.handleUnknownVanilla(BeanDeserializerBase.java:1801) ~[jackson-databind-2.19.0.jar:2.19.0]
	at com.fasterxml.jackson.databind.deser.BeanDeserializer.vanillaDeserialize(BeanDeserializer.java:308) ~[jackson-databind-2.19.0.jar:2.19.0]
	at com.fasterxml.jackson.databind.deser.BeanDeserializer.deserialize(BeanDeserializer.java:169) ~[jackson-databind-2.19.0.jar:2.19.0]
	at com.fasterxml.jackson.databind.deser.DefaultDeserializationContext.readRootValue(DefaultDeserializationContext.java:342) ~[jackson-databind-2.19.0.jar:2.19.0]
	at com.fasterxml.jackson.databind.ObjectReader._bindAndClose(ObjectReader.java:2130) ~[jackson-databind-2.19.0.jar:2.19.0]
	at com.fasterxml.jackson.databind.ObjectReader.readValue(ObjectReader.java:1500) ~[jackson-databind-2.19.0.jar:2.19.0]
	at org.springframework.http.converter.json.AbstractJackson2HttpMessageConverter.readJavaType(AbstractJackson2HttpMessageConverter.java:397) ~[spring-web-6.2.7.jar:6.2.7]
	... 55 more
2025-06-20 12:32:19.547 [http-nio-8080-exec-7] INFO  com.notification.controller.SmsController - Received SMS send request for phone number: +919876543210
2025-06-20 12:32:19.551 [http-nio-8080-exec-7] INFO  com.notification.service.SmsService - Processing SMS request: SmsRequestDto(phoneNumber=+919876543210, message=Test message from notification service, requestId=req-1750402939552-9328efa1)
2025-06-20 12:32:19.567 [http-nio-8080-exec-7] WARN  com.notification.service.SmsService - SMS request rejected - phone number +919876543210 is blacklisted
2025-06-20 12:32:23.500 [http-nio-8080-exec-9] INFO  com.notification.controller.SmsController - Received SMS send request for phone number: +911234567890
2025-06-20 12:32:23.501 [http-nio-8080-exec-9] INFO  com.notification.service.SmsService - Processing SMS request: SmsRequestDto(phoneNumber=+911234567890, message=Test message from notification service, requestId=req-1750402943501-19635863)
2025-06-20 12:32:23.558 [http-nio-8080-exec-9] INFO  com.notification.kafka.SmsKafkaProducer - Sending SMS request to topic sms-request-topic: SmsRequestDto(phoneNumber=+911234567890, message=Test message from notification service, requestId=req-1750402943558-aac2d3a7)
2025-06-20 12:32:23.594 [org.springframework.kafka.KafkaListenerEndpointContainer#0-0-C-1] INFO  com.notification.kafka.SmsKafkaConsumer - Processing SMS request for phone +911234567890 from Kafka topic sms-request-topic (partition: 0, offset: 4)
2025-06-20 12:32:23.595 [org.springframework.kafka.KafkaListenerEndpointContainer#0-0-C-1] INFO  com.notification.service.SmsProviderService - Sending SMS to +911234567890 via 3rd party API
2025-06-20 12:32:23.860 [org.springframework.kafka.KafkaListenerEndpointContainer#0-0-C-1] INFO  com.notification.service.SmsProviderService - SMS sent successfully to +911234567890 with requestId: req-1750402943578-e766e4ca
2025-06-20 12:32:23.926 [org.springframework.kafka.KafkaListenerEndpointContainer#0-0-C-1] ERROR com.notification.service.ElasticsearchService - Failed to index SMS request with ID: 82
org.springframework.data.elasticsearch.UncategorizedElasticsearchException: [es/index] failed: [document_parsing_exception] [1:177] failed to parse field [createdAt] of type [date] in document with id '82'. Preview of field's value: '2025-06-20T07:02:23.546105'
	at org.springframework.data.elasticsearch.client.elc.ElasticsearchExceptionTranslator.translateExceptionIfPossible(ElasticsearchExceptionTranslator.java:106) ~[spring-data-elasticsearch-5.5.0.jar:5.5.0]
	at org.springframework.data.elasticsearch.client.elc.ElasticsearchExceptionTranslator.translateException(ElasticsearchExceptionTranslator.java:65) ~[spring-data-elasticsearch-5.5.0.jar:5.5.0]
	at org.springframework.data.elasticsearch.client.elc.ElasticsearchTemplate.execute(ElasticsearchTemplate.java:691) ~[spring-data-elasticsearch-5.5.0.jar:5.5.0]
	at org.springframework.data.elasticsearch.client.elc.ElasticsearchTemplate.doIndex(ElasticsearchTemplate.java:227) ~[spring-data-elasticsearch-5.5.0.jar:5.5.0]
	at org.springframework.data.elasticsearch.core.AbstractElasticsearchTemplate.save(AbstractElasticsearchTemplate.java:203) ~[spring-data-elasticsearch-5.5.0.jar:5.5.0]
	at org.springframework.data.elasticsearch.repository.support.SimpleElasticsearchRepository.lambda$save$5(SimpleElasticsearchRepository.java:190) ~[spring-data-elasticsearch-5.5.0.jar:5.5.0]
	at org.springframework.data.elasticsearch.repository.support.SimpleElasticsearchRepository.executeAndRefresh(SimpleElasticsearchRepository.java:453) ~[spring-data-elasticsearch-5.5.0.jar:5.5.0]
	at org.springframework.data.elasticsearch.repository.support.SimpleElasticsearchRepository.save(SimpleElasticsearchRepository.java:190) ~[spring-data-elasticsearch-5.5.0.jar:5.5.0]
	at java.base/jdk.internal.reflect.NativeMethodAccessorImpl.invoke0(Native Method) ~[?:?]
	at java.base/jdk.internal.reflect.NativeMethodAccessorImpl.invoke(NativeMethodAccessorImpl.java:77) ~[?:?]
	at java.base/jdk.internal.reflect.DelegatingMethodAccessorImpl.invoke(DelegatingMethodAccessorImpl.java:43) ~[?:?]
	at java.base/java.lang.reflect.Method.invoke(Method.java:569) ~[?:?]
	at org.springframework.aop.support.AopUtils.invokeJoinpointUsingReflection(AopUtils.java:359) ~[spring-aop-6.2.7.jar:6.2.7]
	at org.springframework.data.repository.core.support.RepositoryMethodInvoker$RepositoryFragmentMethodInvoker.lambda$new$0(RepositoryMethodInvoker.java:277) ~[spring-data-commons-3.5.0.jar:3.5.0]
	at org.springframework.data.repository.core.support.RepositoryMethodInvoker.doInvoke(RepositoryMethodInvoker.java:170) ~[spring-data-commons-3.5.0.jar:3.5.0]
	at org.springframework.data.repository.core.support.RepositoryMethodInvoker.invoke(RepositoryMethodInvoker.java:158) ~[spring-data-commons-3.5.0.jar:3.5.0]
	at org.springframework.data.repository.core.support.RepositoryComposition$RepositoryFragments.invoke(RepositoryComposition.java:515) ~[spring-data-commons-3.5.0.jar:3.5.0]
	at org.springframework.data.repository.core.support.RepositoryComposition.invoke(RepositoryComposition.java:284) ~[spring-data-commons-3.5.0.jar:3.5.0]
	at org.springframework.data.repository.core.support.RepositoryFactorySupport$ImplementationMethodExecutionInterceptor.invoke(RepositoryFactorySupport.java:734) ~[spring-data-commons-3.5.0.jar:3.5.0]
	at org.springframework.aop.framework.ReflectiveMethodInvocation.proceed(ReflectiveMethodInvocation.java:184) ~[spring-aop-6.2.7.jar:6.2.7]
	at org.springframework.data.repository.core.support.QueryExecutorMethodInterceptor.doInvoke(QueryExecutorMethodInterceptor.java:174) ~[spring-data-commons-3.5.0.jar:3.5.0]
	at org.springframework.data.repository.core.support.QueryExecutorMethodInterceptor.invoke(QueryExecutorMethodInterceptor.java:149) ~[spring-data-commons-3.5.0.jar:3.5.0]
	at org.springframework.aop.framework.ReflectiveMethodInvocation.proceed(ReflectiveMethodInvocation.java:184) ~[spring-aop-6.2.7.jar:6.2.7]
	at org.springframework.aop.framework.JdkDynamicAopProxy.invoke(JdkDynamicAopProxy.java:223) ~[spring-aop-6.2.7.jar:6.2.7]
	at jdk.proxy2/jdk.proxy2.$Proxy200.save(Unknown Source) ~[?:?]
	at java.base/jdk.internal.reflect.NativeMethodAccessorImpl.invoke0(Native Method) ~[?:?]
	at java.base/jdk.internal.reflect.NativeMethodAccessorImpl.invoke(NativeMethodAccessorImpl.java:77) ~[?:?]
	at java.base/jdk.internal.reflect.DelegatingMethodAccessorImpl.invoke(DelegatingMethodAccessorImpl.java:43) ~[?:?]
	at java.base/java.lang.reflect.Method.invoke(Method.java:569) ~[?:?]
	at org.springframework.aop.support.AopUtils.invokeJoinpointUsingReflection(AopUtils.java:359) ~[spring-aop-6.2.7.jar:6.2.7]
	at org.springframework.aop.framework.ReflectiveMethodInvocation.invokeJoinpoint(ReflectiveMethodInvocation.java:196) ~[spring-aop-6.2.7.jar:6.2.7]
	at org.springframework.aop.framework.ReflectiveMethodInvocation.proceed(ReflectiveMethodInvocation.java:163) ~[spring-aop-6.2.7.jar:6.2.7]
	at org.springframework.dao.support.PersistenceExceptionTranslationInterceptor.invoke(PersistenceExceptionTranslationInterceptor.java:138) ~[spring-tx-6.2.7.jar:6.2.7]
	at org.springframework.aop.framework.ReflectiveMethodInvocation.proceed(ReflectiveMethodInvocation.java:184) ~[spring-aop-6.2.7.jar:6.2.7]
	at org.springframework.aop.framework.JdkDynamicAopProxy.invoke(JdkDynamicAopProxy.java:223) ~[spring-aop-6.2.7.jar:6.2.7]
	at jdk.proxy2/jdk.proxy2.$Proxy200.save(Unknown Source) ~[?:?]
	at com.notification.service.ElasticsearchService.indexSmsRequest(ElasticsearchService.java:30) [classes/:?]
	at com.notification.kafka.SmsKafkaConsumer.processSmsRequest(SmsKafkaConsumer.java:82) [classes/:?]
	at java.base/jdk.internal.reflect.NativeMethodAccessorImpl.invoke0(Native Method) ~[?:?]
	at java.base/jdk.internal.reflect.NativeMethodAccessorImpl.invoke(NativeMethodAccessorImpl.java:77) ~[?:?]
	at java.base/jdk.internal.reflect.DelegatingMethodAccessorImpl.invoke(DelegatingMethodAccessorImpl.java:43) ~[?:?]
	at java.base/java.lang.reflect.Method.invoke(Method.java:569) ~[?:?]
	at org.springframework.messaging.handler.invocation.InvocableHandlerMethod.doInvoke(InvocableHandlerMethod.java:169) [spring-messaging-6.2.7.jar:6.2.7]
	at org.springframework.kafka.listener.adapter.KotlinAwareInvocableHandlerMethod.doInvoke(KotlinAwareInvocableHandlerMethod.java:45) [spring-kafka-3.3.6.jar:3.3.6]
	at org.springframework.messaging.handler.invocation.InvocableHandlerMethod.invoke(InvocableHandlerMethod.java:119) [spring-messaging-6.2.7.jar:6.2.7]
	at org.springframework.kafka.listener.adapter.HandlerAdapter.invoke(HandlerAdapter.java:78) [spring-kafka-3.3.6.jar:3.3.6]
	at org.springframework.kafka.listener.adapter.MessagingMessageListenerAdapter.invokeHandler(MessagingMessageListenerAdapter.java:475) [spring-kafka-3.3.6.jar:3.3.6]
	at org.springframework.kafka.listener.adapter.MessagingMessageListenerAdapter.invoke(MessagingMessageListenerAdapter.java:421) [spring-kafka-3.3.6.jar:3.3.6]
	at org.springframework.kafka.listener.adapter.RecordMessagingMessageListenerAdapter.onMessage(RecordMessagingMessageListenerAdapter.java:85) [spring-kafka-3.3.6.jar:3.3.6]
	at org.springframework.kafka.listener.adapter.RecordMessagingMessageListenerAdapter.onMessage(RecordMessagingMessageListenerAdapter.java:50) [spring-kafka-3.3.6.jar:3.3.6]
	at org.springframework.kafka.listener.KafkaMessageListenerContainer$ListenerConsumer.doInvokeOnMessage(KafkaMessageListenerContainer.java:2887) [spring-kafka-3.3.6.jar:3.3.6]
	at org.springframework.kafka.listener.KafkaMessageListenerContainer$ListenerConsumer.invokeOnMessage(KafkaMessageListenerContainer.java:2865) [spring-kafka-3.3.6.jar:3.3.6]
	at org.springframework.kafka.listener.KafkaMessageListenerContainer$ListenerConsumer.doInvokeRecordListener(KafkaMessageListenerContainer.java:2777) [spring-kafka-3.3.6.jar:3.3.6]
	at org.springframework.kafka.listener.KafkaMessageListenerContainer$ListenerConsumer.doInvokeWithRecords(KafkaMessageListenerContainer.java:2614) [spring-kafka-3.3.6.jar:3.3.6]
	at org.springframework.kafka.listener.KafkaMessageListenerContainer$ListenerConsumer.invokeRecordListener(KafkaMessageListenerContainer.java:2503) [spring-kafka-3.3.6.jar:3.3.6]
	at org.springframework.kafka.listener.KafkaMessageListenerContainer$ListenerConsumer.invokeListener(KafkaMessageListenerContainer.java:2152) [spring-kafka-3.3.6.jar:3.3.6]
	at org.springframework.kafka.listener.KafkaMessageListenerContainer$ListenerConsumer.invokeIfHaveRecords(KafkaMessageListenerContainer.java:1528) [spring-kafka-3.3.6.jar:3.3.6]
	at org.springframework.kafka.listener.KafkaMessageListenerContainer$ListenerConsumer.pollAndInvoke(KafkaMessageListenerContainer.java:1466) [spring-kafka-3.3.6.jar:3.3.6]
	at org.springframework.kafka.listener.KafkaMessageListenerContainer$ListenerConsumer.run(KafkaMessageListenerContainer.java:1335) [spring-kafka-3.3.6.jar:3.3.6]
	at java.base/java.util.concurrent.CompletableFuture$AsyncRun.run(CompletableFuture.java:1804) [?:?]
	at java.base/java.lang.Thread.run(Thread.java:840) [?:?]
Caused by: co.elastic.clients.elasticsearch._types.ElasticsearchException: [es/index] failed: [document_parsing_exception] [1:177] failed to parse field [createdAt] of type [date] in document with id '82'. Preview of field's value: '2025-06-20T07:02:23.546105'
	at co.elastic.clients.transport.ElasticsearchTransportBase.getApiResponse(ElasticsearchTransportBase.java:357) ~[elasticsearch-java-8.18.1.jar:?]
	at co.elastic.clients.transport.ElasticsearchTransportBase.performRequest(ElasticsearchTransportBase.java:141) ~[elasticsearch-java-8.18.1.jar:?]
	at co.elastic.clients.elasticsearch.ElasticsearchClient.index(ElasticsearchClient.java:3069) ~[elasticsearch-java-8.18.1.jar:?]
	at org.springframework.data.elasticsearch.client.elc.ElasticsearchTemplate.lambda$doIndex$6(ElasticsearchTemplate.java:227) ~[spring-data-elasticsearch-5.5.0.jar:5.5.0]
	at org.springframework.data.elasticsearch.client.elc.ElasticsearchTemplate.execute(ElasticsearchTemplate.java:689) ~[spring-data-elasticsearch-5.5.0.jar:5.5.0]
	... 58 more
2025-06-20 12:32:23.926 [org.springframework.kafka.KafkaListenerEndpointContainer#0-0-C-1] INFO  com.notification.kafka.SmsKafkaConsumer - Indexed SMS request with ID 82 to Elasticsearch
2025-06-20 12:32:23.927 [org.springframework.kafka.KafkaListenerEndpointContainer#0-0-C-1] INFO  com.notification.kafka.SmsKafkaConsumer - SMS sent successfully for phone +911234567890, external ID: req-1750402943578-e766e4ca
2025-06-20 12:32:23.927 [org.springframework.kafka.KafkaListenerEndpointContainer#0-0-C-1] INFO  com.notification.kafka.SmsKafkaProducer - Sending SMS response to topic sms-response-topic: SmsResponseDto(id=null, phoneNumber=null, message=null, status=null, createdAt=null, updatedAt=null, data=SmsResponseDto.SuccessData(requestId=req-1750402943578-e766e4ca, comments=SMS sent successfully, phoneNumber=+911234567890, id=82), error=null)
2025-06-20 12:32:23.934 [org.springframework.kafka.KafkaListenerEndpointContainer#0-0-C-1] INFO  com.notification.kafka.SmsKafkaConsumer - Successfully processed SMS request for phone +911234567890
2025-06-20 12:32:30.707 [http-nio-8080-exec-1] INFO  com.notification.controller.BlacklistController - Retrieving all blacklisted phone numbers
2025-06-20 12:32:35.221 [http-nio-8080-exec-3] INFO  com.notification.controller.BlacklistController - Adding 1 phone numbers to blacklist
2025-06-20 12:32:40.151 [http-nio-8080-exec-5] INFO  com.notification.controller.BlacklistController - Removing 1 phone numbers from blacklist
2025-06-20 12:32:44.251 [http-nio-8080-exec-7] INFO  com.notification.controller.SmsController - Searching SMS requests with filters: phoneNumber=+911234567890, startTime=null, endTime=null, text=null
2025-06-20 12:32:44.251 [http-nio-8080-exec-7] INFO  com.notification.service.SmsService - Searching SMS requests by phone number: +911234567890, page: 0, size: 10
2025-06-20 12:32:47.922 [http-nio-8080-exec-9] INFO  com.notification.controller.SmsController - Fetching SMS request with ID: 82
2025-06-20 12:32:47.922 [http-nio-8080-exec-9] INFO  com.notification.service.SmsService - Retrieving SMS request with ID: 82
2025-06-20 12:32:58.433 [http-nio-8080-exec-1] WARN  com.notification.controller.GlobalExceptionHandler - Validation error: {phoneNumber=Phone number must be 10 digits}
2025-06-20 12:33:02.124 [http-nio-8080-exec-2] WARN  com.notification.controller.GlobalExceptionHandler - Validation error: {message=Message is required}
2025-06-20 12:33:06.016 [http-nio-8080-exec-3] INFO  com.notification.controller.SmsController - Searching SMS requests with filters: phoneNumber=null, startTime=null, endTime=null, text=Test
2025-06-20 12:33:06.016 [http-nio-8080-exec-3] INFO  com.notification.service.SmsService - Searching SMS requests by text: Test, page: 0, size: 5
2025-06-20 12:35:27.006 [http-nio-8080-exec-6] INFO  com.notification.controller.SmsController - Received SMS send request for phone number: +915556667777
2025-06-20 12:35:27.008 [http-nio-8080-exec-6] INFO  com.notification.service.SmsService - Processing SMS request: SmsRequestDto(phoneNumber=+915556667777, message=Test message for Elasticsearch indexing, requestId=req-1750403127008-26f6c1c6)
2025-06-20 12:35:27.014 [http-nio-8080-exec-6] INFO  com.notification.kafka.SmsKafkaProducer - Sending SMS request to topic sms-request-topic: SmsRequestDto(phoneNumber=+915556667777, message=Test message for Elasticsearch indexing, requestId=req-1750403127014-8ecbff84)
2025-06-20 12:35:27.024 [org.springframework.kafka.KafkaListenerEndpointContainer#0-0-C-1] INFO  com.notification.kafka.SmsKafkaConsumer - Processing SMS request for phone +915556667777 from Kafka topic sms-request-topic (partition: 0, offset: 5)
2025-06-20 12:35:27.024 [org.springframework.kafka.KafkaListenerEndpointContainer#0-0-C-1] INFO  com.notification.service.SmsProviderService - Sending SMS to +915556667777 via 3rd party API
2025-06-20 12:35:27.207 [org.springframework.kafka.KafkaListenerEndpointContainer#0-0-C-1] INFO  com.notification.service.SmsProviderService - SMS sent successfully to +915556667777 with requestId: req-1750403127014-8c4a560a
2025-06-20 12:35:27.222 [org.springframework.kafka.KafkaListenerEndpointContainer#0-0-C-1] ERROR com.notification.service.ElasticsearchService - Failed to index SMS request with ID: 83
org.springframework.data.elasticsearch.UncategorizedElasticsearchException: [es/index] failed: [document_parsing_exception] [1:178] failed to parse field [createdAt] of type [date] in document with id '83'. Preview of field's value: '2025-06-20T07:05:27.012410'
	at org.springframework.data.elasticsearch.client.elc.ElasticsearchExceptionTranslator.translateExceptionIfPossible(ElasticsearchExceptionTranslator.java:106) ~[spring-data-elasticsearch-5.5.0.jar:5.5.0]
	at org.springframework.data.elasticsearch.client.elc.ElasticsearchExceptionTranslator.translateException(ElasticsearchExceptionTranslator.java:65) ~[spring-data-elasticsearch-5.5.0.jar:5.5.0]
	at org.springframework.data.elasticsearch.client.elc.ElasticsearchTemplate.execute(ElasticsearchTemplate.java:691) ~[spring-data-elasticsearch-5.5.0.jar:5.5.0]
	at org.springframework.data.elasticsearch.client.elc.ElasticsearchTemplate.doIndex(ElasticsearchTemplate.java:227) ~[spring-data-elasticsearch-5.5.0.jar:5.5.0]
	at org.springframework.data.elasticsearch.core.AbstractElasticsearchTemplate.save(AbstractElasticsearchTemplate.java:203) ~[spring-data-elasticsearch-5.5.0.jar:5.5.0]
	at org.springframework.data.elasticsearch.repository.support.SimpleElasticsearchRepository.lambda$save$5(SimpleElasticsearchRepository.java:190) ~[spring-data-elasticsearch-5.5.0.jar:5.5.0]
	at org.springframework.data.elasticsearch.repository.support.SimpleElasticsearchRepository.executeAndRefresh(SimpleElasticsearchRepository.java:453) ~[spring-data-elasticsearch-5.5.0.jar:5.5.0]
	at org.springframework.data.elasticsearch.repository.support.SimpleElasticsearchRepository.save(SimpleElasticsearchRepository.java:190) ~[spring-data-elasticsearch-5.5.0.jar:5.5.0]
	at java.base/jdk.internal.reflect.NativeMethodAccessorImpl.invoke0(Native Method) ~[?:?]
	at java.base/jdk.internal.reflect.NativeMethodAccessorImpl.invoke(NativeMethodAccessorImpl.java:77) ~[?:?]
	at java.base/jdk.internal.reflect.DelegatingMethodAccessorImpl.invoke(DelegatingMethodAccessorImpl.java:43) ~[?:?]
	at java.base/java.lang.reflect.Method.invoke(Method.java:569) ~[?:?]
	at org.springframework.aop.support.AopUtils.invokeJoinpointUsingReflection(AopUtils.java:359) ~[spring-aop-6.2.7.jar:6.2.7]
	at org.springframework.data.repository.core.support.RepositoryMethodInvoker$RepositoryFragmentMethodInvoker.lambda$new$0(RepositoryMethodInvoker.java:277) ~[spring-data-commons-3.5.0.jar:3.5.0]
	at org.springframework.data.repository.core.support.RepositoryMethodInvoker.doInvoke(RepositoryMethodInvoker.java:170) ~[spring-data-commons-3.5.0.jar:3.5.0]
	at org.springframework.data.repository.core.support.RepositoryMethodInvoker.invoke(RepositoryMethodInvoker.java:158) ~[spring-data-commons-3.5.0.jar:3.5.0]
	at org.springframework.data.repository.core.support.RepositoryComposition$RepositoryFragments.invoke(RepositoryComposition.java:515) ~[spring-data-commons-3.5.0.jar:3.5.0]
	at org.springframework.data.repository.core.support.RepositoryComposition.invoke(RepositoryComposition.java:284) ~[spring-data-commons-3.5.0.jar:3.5.0]
	at org.springframework.data.repository.core.support.RepositoryFactorySupport$ImplementationMethodExecutionInterceptor.invoke(RepositoryFactorySupport.java:734) ~[spring-data-commons-3.5.0.jar:3.5.0]
	at org.springframework.aop.framework.ReflectiveMethodInvocation.proceed(ReflectiveMethodInvocation.java:184) ~[spring-aop-6.2.7.jar:6.2.7]
	at org.springframework.data.repository.core.support.QueryExecutorMethodInterceptor.doInvoke(QueryExecutorMethodInterceptor.java:174) ~[spring-data-commons-3.5.0.jar:3.5.0]
	at org.springframework.data.repository.core.support.QueryExecutorMethodInterceptor.invoke(QueryExecutorMethodInterceptor.java:149) ~[spring-data-commons-3.5.0.jar:3.5.0]
	at org.springframework.aop.framework.ReflectiveMethodInvocation.proceed(ReflectiveMethodInvocation.java:184) ~[spring-aop-6.2.7.jar:6.2.7]
	at org.springframework.aop.framework.JdkDynamicAopProxy.invoke(JdkDynamicAopProxy.java:223) ~[spring-aop-6.2.7.jar:6.2.7]
	at jdk.proxy2/jdk.proxy2.$Proxy200.save(Unknown Source) ~[?:?]
	at java.base/jdk.internal.reflect.NativeMethodAccessorImpl.invoke0(Native Method) ~[?:?]
	at java.base/jdk.internal.reflect.NativeMethodAccessorImpl.invoke(NativeMethodAccessorImpl.java:77) ~[?:?]
	at java.base/jdk.internal.reflect.DelegatingMethodAccessorImpl.invoke(DelegatingMethodAccessorImpl.java:43) ~[?:?]
	at java.base/java.lang.reflect.Method.invoke(Method.java:569) ~[?:?]
	at org.springframework.aop.support.AopUtils.invokeJoinpointUsingReflection(AopUtils.java:359) ~[spring-aop-6.2.7.jar:6.2.7]
	at org.springframework.aop.framework.ReflectiveMethodInvocation.invokeJoinpoint(ReflectiveMethodInvocation.java:196) ~[spring-aop-6.2.7.jar:6.2.7]
	at org.springframework.aop.framework.ReflectiveMethodInvocation.proceed(ReflectiveMethodInvocation.java:163) ~[spring-aop-6.2.7.jar:6.2.7]
	at org.springframework.dao.support.PersistenceExceptionTranslationInterceptor.invoke(PersistenceExceptionTranslationInterceptor.java:138) ~[spring-tx-6.2.7.jar:6.2.7]
	at org.springframework.aop.framework.ReflectiveMethodInvocation.proceed(ReflectiveMethodInvocation.java:184) ~[spring-aop-6.2.7.jar:6.2.7]
	at org.springframework.aop.framework.JdkDynamicAopProxy.invoke(JdkDynamicAopProxy.java:223) ~[spring-aop-6.2.7.jar:6.2.7]
	at jdk.proxy2/jdk.proxy2.$Proxy200.save(Unknown Source) ~[?:?]
	at com.notification.service.ElasticsearchService.indexSmsRequest(ElasticsearchService.java:30) [classes/:?]
	at com.notification.kafka.SmsKafkaConsumer.processSmsRequest(SmsKafkaConsumer.java:82) [classes/:?]
	at java.base/jdk.internal.reflect.NativeMethodAccessorImpl.invoke0(Native Method) ~[?:?]
	at java.base/jdk.internal.reflect.NativeMethodAccessorImpl.invoke(NativeMethodAccessorImpl.java:77) ~[?:?]
	at java.base/jdk.internal.reflect.DelegatingMethodAccessorImpl.invoke(DelegatingMethodAccessorImpl.java:43) ~[?:?]
	at java.base/java.lang.reflect.Method.invoke(Method.java:569) ~[?:?]
	at org.springframework.messaging.handler.invocation.InvocableHandlerMethod.doInvoke(InvocableHandlerMethod.java:169) [spring-messaging-6.2.7.jar:6.2.7]
	at org.springframework.kafka.listener.adapter.KotlinAwareInvocableHandlerMethod.doInvoke(KotlinAwareInvocableHandlerMethod.java:45) [spring-kafka-3.3.6.jar:3.3.6]
	at org.springframework.messaging.handler.invocation.InvocableHandlerMethod.invoke(InvocableHandlerMethod.java:119) [spring-messaging-6.2.7.jar:6.2.7]
	at org.springframework.kafka.listener.adapter.HandlerAdapter.invoke(HandlerAdapter.java:78) [spring-kafka-3.3.6.jar:3.3.6]
	at org.springframework.kafka.listener.adapter.MessagingMessageListenerAdapter.invokeHandler(MessagingMessageListenerAdapter.java:475) [spring-kafka-3.3.6.jar:3.3.6]
	at org.springframework.kafka.listener.adapter.MessagingMessageListenerAdapter.invoke(MessagingMessageListenerAdapter.java:421) [spring-kafka-3.3.6.jar:3.3.6]
	at org.springframework.kafka.listener.adapter.RecordMessagingMessageListenerAdapter.onMessage(RecordMessagingMessageListenerAdapter.java:85) [spring-kafka-3.3.6.jar:3.3.6]
	at org.springframework.kafka.listener.adapter.RecordMessagingMessageListenerAdapter.onMessage(RecordMessagingMessageListenerAdapter.java:50) [spring-kafka-3.3.6.jar:3.3.6]
	at org.springframework.kafka.listener.KafkaMessageListenerContainer$ListenerConsumer.doInvokeOnMessage(KafkaMessageListenerContainer.java:2887) [spring-kafka-3.3.6.jar:3.3.6]
	at org.springframework.kafka.listener.KafkaMessageListenerContainer$ListenerConsumer.invokeOnMessage(KafkaMessageListenerContainer.java:2865) [spring-kafka-3.3.6.jar:3.3.6]
	at org.springframework.kafka.listener.KafkaMessageListenerContainer$ListenerConsumer.doInvokeRecordListener(KafkaMessageListenerContainer.java:2777) [spring-kafka-3.3.6.jar:3.3.6]
	at org.springframework.kafka.listener.KafkaMessageListenerContainer$ListenerConsumer.doInvokeWithRecords(KafkaMessageListenerContainer.java:2614) [spring-kafka-3.3.6.jar:3.3.6]
	at org.springframework.kafka.listener.KafkaMessageListenerContainer$ListenerConsumer.invokeRecordListener(KafkaMessageListenerContainer.java:2503) [spring-kafka-3.3.6.jar:3.3.6]
	at org.springframework.kafka.listener.KafkaMessageListenerContainer$ListenerConsumer.invokeListener(KafkaMessageListenerContainer.java:2152) [spring-kafka-3.3.6.jar:3.3.6]
	at org.springframework.kafka.listener.KafkaMessageListenerContainer$ListenerConsumer.invokeIfHaveRecords(KafkaMessageListenerContainer.java:1528) [spring-kafka-3.3.6.jar:3.3.6]
	at org.springframework.kafka.listener.KafkaMessageListenerContainer$ListenerConsumer.pollAndInvoke(KafkaMessageListenerContainer.java:1466) [spring-kafka-3.3.6.jar:3.3.6]
	at org.springframework.kafka.listener.KafkaMessageListenerContainer$ListenerConsumer.run(KafkaMessageListenerContainer.java:1335) [spring-kafka-3.3.6.jar:3.3.6]
	at java.base/java.util.concurrent.CompletableFuture$AsyncRun.run(CompletableFuture.java:1804) [?:?]
	at java.base/java.lang.Thread.run(Thread.java:840) [?:?]
Caused by: co.elastic.clients.elasticsearch._types.ElasticsearchException: [es/index] failed: [document_parsing_exception] [1:178] failed to parse field [createdAt] of type [date] in document with id '83'. Preview of field's value: '2025-06-20T07:05:27.012410'
	at co.elastic.clients.transport.ElasticsearchTransportBase.getApiResponse(ElasticsearchTransportBase.java:357) ~[elasticsearch-java-8.18.1.jar:?]
	at co.elastic.clients.transport.ElasticsearchTransportBase.performRequest(ElasticsearchTransportBase.java:141) ~[elasticsearch-java-8.18.1.jar:?]
	at co.elastic.clients.elasticsearch.ElasticsearchClient.index(ElasticsearchClient.java:3069) ~[elasticsearch-java-8.18.1.jar:?]
	at org.springframework.data.elasticsearch.client.elc.ElasticsearchTemplate.lambda$doIndex$6(ElasticsearchTemplate.java:227) ~[spring-data-elasticsearch-5.5.0.jar:5.5.0]
	at org.springframework.data.elasticsearch.client.elc.ElasticsearchTemplate.execute(ElasticsearchTemplate.java:689) ~[spring-data-elasticsearch-5.5.0.jar:5.5.0]
	... 58 more
2025-06-20 12:35:27.224 [org.springframework.kafka.KafkaListenerEndpointContainer#0-0-C-1] INFO  com.notification.kafka.SmsKafkaConsumer - Indexed SMS request with ID 83 to Elasticsearch
2025-06-20 12:35:27.224 [org.springframework.kafka.KafkaListenerEndpointContainer#0-0-C-1] INFO  com.notification.kafka.SmsKafkaConsumer - SMS sent successfully for phone +915556667777, external ID: req-1750403127014-8c4a560a
2025-06-20 12:35:27.224 [org.springframework.kafka.KafkaListenerEndpointContainer#0-0-C-1] INFO  com.notification.kafka.SmsKafkaProducer - Sending SMS response to topic sms-response-topic: SmsResponseDto(id=null, phoneNumber=null, message=null, status=null, createdAt=null, updatedAt=null, data=SmsResponseDto.SuccessData(requestId=req-1750403127014-8c4a560a, comments=SMS sent successfully, phoneNumber=+915556667777, id=83), error=null)
2025-06-20 12:35:27.225 [org.springframework.kafka.KafkaListenerEndpointContainer#0-0-C-1] INFO  com.notification.kafka.SmsKafkaConsumer - Successfully processed SMS request for phone +915556667777
2025-06-20 12:38:42.034 [main] INFO  com.notification.NotificationServiceApplication - Starting NotificationServiceApplication using Java 17.0.15 with PID 93451 (/Users/anshkesarwani/Desktop/notification-service/target/classes started by anshkesarwani in /Users/anshkesarwani/Desktop/notification-service)
2025-06-20 12:38:42.036 [main] INFO  com.notification.NotificationServiceApplication - No active profile set, falling back to 1 default profile: "default"
2025-06-20 12:40:00.152 [main] INFO  com.notification.NotificationServiceApplication - Starting NotificationServiceApplication using Java 17.0.15 with PID 94022 (/Users/anshkesarwani/Desktop/notification-service/target/classes started by anshkesarwani in /Users/anshkesarwani/Desktop/notification-service)
2025-06-20 12:40:00.154 [main] INFO  com.notification.NotificationServiceApplication - No active profile set, falling back to 1 default profile: "default"
2025-06-20 12:40:02.855 [main] INFO  com.notification.NotificationServiceApplication - Started NotificationServiceApplication in 2.824 seconds (process running for 3.038)
2025-06-20 12:40:33.344 [http-nio-8080-exec-2] INFO  com.notification.controller.SmsController - Received SMS send request for phone number: +915556667777
2025-06-20 12:40:33.348 [http-nio-8080-exec-2] INFO  com.notification.service.SmsService - Processing SMS request: SmsRequestDto(phoneNumber=+915556667777, message=Test message for Elasticsearch indexing after fix, requestId=req-1750403433349-ce40dcc9)
2025-06-20 12:40:33.514 [http-nio-8080-exec-2] INFO  com.notification.kafka.SmsKafkaProducer - Sending SMS request to topic sms-request-topic: SmsRequestDto(phoneNumber=+915556667777, message=Test message for Elasticsearch indexing after fix, requestId=req-1750403433514-bf3c16a3)
2025-06-20 12:40:33.550 [org.springframework.kafka.KafkaListenerEndpointContainer#0-0-C-1] INFO  com.notification.kafka.SmsKafkaConsumer - Processing SMS request for phone +915556667777 from Kafka topic sms-request-topic (partition: 0, offset: 6)
2025-06-20 12:40:33.551 [org.springframework.kafka.KafkaListenerEndpointContainer#0-0-C-1] INFO  com.notification.service.SmsProviderService - Sending SMS to +915556667777 via 3rd party API
2025-06-20 12:40:33.865 [org.springframework.kafka.KafkaListenerEndpointContainer#0-0-C-1] INFO  com.notification.service.SmsProviderService - SMS sent successfully to +915556667777 with requestId: req-1750403433533-5179ee74
2025-06-20 12:40:34.002 [org.springframework.kafka.KafkaListenerEndpointContainer#0-0-C-1] INFO  com.notification.service.ElasticsearchService - Indexed SMS request with ID: 84 to Elasticsearch
2025-06-20 12:40:34.002 [org.springframework.kafka.KafkaListenerEndpointContainer#0-0-C-1] INFO  com.notification.kafka.SmsKafkaConsumer - Indexed SMS request with ID 84 to Elasticsearch
2025-06-20 12:40:34.002 [org.springframework.kafka.KafkaListenerEndpointContainer#0-0-C-1] INFO  com.notification.kafka.SmsKafkaConsumer - SMS sent successfully for phone +915556667777, external ID: req-1750403433533-5179ee74
2025-06-20 12:40:34.003 [org.springframework.kafka.KafkaListenerEndpointContainer#0-0-C-1] INFO  com.notification.kafka.SmsKafkaProducer - Sending SMS response to topic sms-response-topic: SmsResponseDto(id=null, phoneNumber=null, message=null, status=null, createdAt=null, updatedAt=null, data=SmsResponseDto.SuccessData(requestId=req-1750403433533-5179ee74, comments=SMS sent successfully, phoneNumber=+915556667777, id=84), error=null)
2025-06-20 12:40:34.008 [org.springframework.kafka.KafkaListenerEndpointContainer#0-0-C-1] INFO  com.notification.kafka.SmsKafkaConsumer - Successfully processed SMS request for phone +915556667777
2025-06-20 12:40:52.536 [http-nio-8080-exec-4] INFO  com.notification.controller.SmsController - Searching SMS requests with filters: phoneNumber=+915556667777, startTime=null, endTime=null, text=null
2025-06-20 12:40:52.536 [http-nio-8080-exec-4] INFO  com.notification.service.SmsService - Searching SMS requests by phone number: +915556667777, page: 0, size: 10
2025-06-20 12:40:57.525 [http-nio-8080-exec-6] INFO  com.notification.controller.SmsController - Searching SMS requests with filters: phoneNumber=null, startTime=null, endTime=null, text=Elasticsearch
2025-06-20 12:40:57.525 [http-nio-8080-exec-6] INFO  com.notification.service.SmsService - Searching SMS requests by text: Elasticsearch, page: 0, size: 5
2025-06-20 12:41:47.730 [http-nio-8080-exec-8] INFO  com.notification.controller.SmsController - Received SMS send request for phone number: +919998887777
2025-06-20 12:41:47.731 [http-nio-8080-exec-8] INFO  com.notification.service.SmsService - Processing SMS request: SmsRequestDto(phoneNumber=+919998887777, message=Hii ANsh, requestId=req-1750403507731-ee03e1b1)
2025-06-20 12:41:47.742 [http-nio-8080-exec-8] INFO  com.notification.kafka.SmsKafkaProducer - Sending SMS request to topic sms-request-topic: SmsRequestDto(phoneNumber=+919998887777, message=Hii ANsh, requestId=req-1750403507742-034d63db)
2025-06-20 12:41:47.751 [org.springframework.kafka.KafkaListenerEndpointContainer#0-0-C-1] INFO  com.notification.kafka.SmsKafkaConsumer - Processing SMS request for phone +919998887777 from Kafka topic sms-request-topic (partition: 0, offset: 7)
2025-06-20 12:41:47.752 [org.springframework.kafka.KafkaListenerEndpointContainer#0-0-C-1] INFO  com.notification.service.SmsProviderService - Sending SMS to +919998887777 via 3rd party API
2025-06-20 12:41:47.920 [org.springframework.kafka.KafkaListenerEndpointContainer#0-0-C-1] INFO  com.notification.service.SmsProviderService - SMS sent successfully to +919998887777 with requestId: req-1750403507742-e2623eaf
2025-06-20 12:41:47.984 [org.springframework.kafka.KafkaListenerEndpointContainer#0-0-C-1] INFO  com.notification.service.ElasticsearchService - Indexed SMS request with ID: 85 to Elasticsearch
2025-06-20 12:41:47.984 [org.springframework.kafka.KafkaListenerEndpointContainer#0-0-C-1] INFO  com.notification.kafka.SmsKafkaConsumer - Indexed SMS request with ID 85 to Elasticsearch
2025-06-20 12:41:47.984 [org.springframework.kafka.KafkaListenerEndpointContainer#0-0-C-1] INFO  com.notification.kafka.SmsKafkaConsumer - SMS sent successfully for phone +919998887777, external ID: req-1750403507742-e2623eaf
2025-06-20 12:41:47.984 [org.springframework.kafka.KafkaListenerEndpointContainer#0-0-C-1] INFO  com.notification.kafka.SmsKafkaProducer - Sending SMS response to topic sms-response-topic: SmsResponseDto(id=null, phoneNumber=null, message=null, status=null, createdAt=null, updatedAt=null, data=SmsResponseDto.SuccessData(requestId=req-1750403507742-e2623eaf, comments=SMS sent successfully, phoneNumber=+919998887777, id=85), error=null)
2025-06-20 12:41:47.984 [org.springframework.kafka.KafkaListenerEndpointContainer#0-0-C-1] INFO  com.notification.kafka.SmsKafkaConsumer - Successfully processed SMS request for phone +919998887777
2025-06-20 12:42:44.789 [http-nio-8080-exec-10] INFO  com.notification.controller.SmsController - Searching SMS requests with filters: phoneNumber=null, startTime=null, endTime=null, text=ANsh
2025-06-20 12:42:44.789 [http-nio-8080-exec-10] INFO  com.notification.service.SmsService - Searching SMS requests by text: ANsh, page: 0, size: 5
2025-06-20 12:45:29.332 [http-nio-8080-exec-3] INFO  com.notification.controller.SmsController - Fetching SMS request with ID: 68
2025-06-20 12:45:29.332 [http-nio-8080-exec-3] INFO  com.notification.service.SmsService - Retrieving SMS request with ID: 68
2025-06-20 12:45:41.362 [http-nio-8080-exec-4] INFO  com.notification.controller.SmsController - Fetching SMS request with ID: 80
2025-06-20 12:45:41.364 [http-nio-8080-exec-4] INFO  com.notification.service.SmsService - Retrieving SMS request with ID: 80
2025-06-20 16:51:28.579 [main] INFO  com.notification.NotificationServiceApplication - Starting NotificationServiceApplication using Java 17.0.15 with PID 11051 (/Users/anshkesarwani/Desktop/notification-service/target/classes started by anshkesarwani in /Users/anshkesarwani/Desktop/notification-service)
2025-06-20 16:51:28.582 [main] INFO  com.notification.NotificationServiceApplication - No active profile set, falling back to 1 default profile: "default"
2025-06-20 16:52:10.852 [main] INFO  com.notification.NotificationServiceApplication - Starting NotificationServiceApplication using Java 17.0.15 with PID 11300 (/Users/anshkesarwani/Desktop/notification-service/target/classes started by anshkesarwani in /Users/anshkesarwani/Desktop/notification-service)
2025-06-20 16:52:10.854 [main] INFO  com.notification.NotificationServiceApplication - No active profile set, falling back to 1 default profile: "default"
2025-06-20 16:55:30.605 [main] INFO  com.notification.NotificationServiceApplication - Starting NotificationServiceApplication using Java 17.0.15 with PID 11970 (/Users/anshkesarwani/Desktop/notification-service/target/classes started by anshkesarwani in /Users/anshkesarwani/Desktop/notification-service)
2025-06-20 16:55:30.607 [main] INFO  com.notification.NotificationServiceApplication - No active profile set, falling back to 1 default profile: "default"
2025-06-20 16:56:01.214 [main] INFO  com.notification.NotificationServiceApplication - Starting NotificationServiceApplication using Java 17.0.15 with PID 12185 (/Users/anshkesarwani/Desktop/notification-service/target/classes started by anshkesarwani in /Users/anshkesarwani/Desktop/notification-service)
2025-06-20 16:56:01.217 [main] INFO  com.notification.NotificationServiceApplication - No active profile set, falling back to 1 default profile: "default"
2025-06-20 16:56:24.745 [main] INFO  com.notification.NotificationServiceApplication - Starting NotificationServiceApplication using Java 17.0.15 with PID 12357 (/Users/anshkesarwani/Desktop/notification-service/target/classes started by anshkesarwani in /Users/anshkesarwani/Desktop/notification-service)
2025-06-20 16:56:24.747 [main] INFO  com.notification.NotificationServiceApplication - No active profile set, falling back to 1 default profile: "default"
2025-06-20 16:57:06.712 [main] INFO  com.notification.NotificationServiceApplication - Starting NotificationServiceApplication using Java 17.0.15 with PID 12666 (/Users/anshkesarwani/Desktop/notification-service/target/classes started by anshkesarwani in /Users/anshkesarwani/Desktop/notification-service)
2025-06-20 16:57:06.714 [main] INFO  com.notification.NotificationServiceApplication - The following 1 profile is active: "dev"
2025-06-20 16:57:29.094 [main] INFO  com.notification.NotificationServiceApplication - Starting NotificationServiceApplication using Java 17.0.15 with PID 12820 (/Users/anshkesarwani/Desktop/notification-service/target/classes started by anshkesarwani in /Users/anshkesarwani/Desktop/notification-service)
2025-06-20 16:57:29.096 [main] INFO  com.notification.NotificationServiceApplication - The following 1 profile is active: "dev"
2025-06-20 16:57:54.983 [main] INFO  com.notification.NotificationServiceApplication - Starting NotificationServiceApplication using Java 17.0.15 with PID 13036 (/Users/anshkesarwani/Desktop/notification-service/target/classes started by anshkesarwani in /Users/anshkesarwani/Desktop/notification-service)
2025-06-20 16:57:54.986 [main] INFO  com.notification.NotificationServiceApplication - The following 1 profile is active: "dev"
2025-06-20 16:57:57.357 [main] INFO  com.notification.NotificationServiceApplication - Started NotificationServiceApplication in 2.503 seconds (process running for 2.735)
2025-06-20 16:58:45.818 [http-nio-8080-exec-3] INFO  com.notification.controller.SmsController - Searching SMS requests with filters: phoneNumber=null, startTime=null, endTime=null, text=Test
2025-06-20 16:58:45.818 [http-nio-8080-exec-3] INFO  com.notification.service.SmsService - Searching SMS requests by text: Test, page: 0, size: 20
