2025-07-09 15:45:54.042 [main] INFO  com.notification.NotificationServiceApplication - Starting NotificationServiceApplication using Java 17.0.15 with PID 69818 (/Users/anshkesarwani/Desktop/notification-service/target/classes started by anshkesarwani in /Users/anshkesarwani/Desktop/notification-service)
2025-07-09 15:45:54.046 [main] INFO  com.notification.NotificationServiceApplication - The following 1 profile is active: "dev"
2025-07-09 15:46:43.474 [main] INFO  com.notification.NotificationServiceApplication - Starting NotificationServiceApplication using Java 17.0.15 with PID 70311 (/Users/anshkesarwani/Desktop/notification-service/target/classes started by anshkesarwani in /Users/anshkesarwani/Desktop/notification-service)
2025-07-09 15:46:43.477 [main] INFO  com.notification.NotificationServiceApplication - The following 1 profile is active: "dev"
2025-07-09 15:48:51.991 [main] INFO  com.notification.NotificationServiceApplication - Starting NotificationServiceApplication using Java 17.0.15 with PID 72741 (/Users/anshkesarwani/Desktop/notification-service/target/classes started by anshkesarwani in /Users/anshkesarwani/Desktop/notification-service)
2025-07-09 15:48:51.994 [main] INFO  com.notification.NotificationServiceApplication - The following 1 profile is active: "dev"
2025-07-09 15:48:54.641 [main] INFO  com.notification.NotificationServiceApplication - Started NotificationServiceApplication in 2.792 seconds (process running for 3.03)
2025-07-09 15:51:14.344 [http-nio-8080-exec-4] INFO  com.notification.controller.SmsController - Received SMS send request for phone number: +919140021436
2025-07-09 15:51:14.348 [http-nio-8080-exec-4] INFO  com.notification.service.SmsService - Processing SMS request: SmsRequestDto(phoneNumber=+919140021436, message=text, requestId=req-1752056474349-2c7b6717)
2025-07-09 15:51:14.522 [http-nio-8080-exec-4] INFO  com.notification.service.ElasticsearchService - Indexed SMS request with ID: 98 to Elasticsearch at 2025-07-09T10:21:14.401438
2025-07-09 15:51:14.525 [http-nio-8080-exec-4] INFO  com.notification.kafka.SmsKafkaProducer - Sending SMS request to topic sms-request-topic: SmsRequestDto(phoneNumber=+919140021436, message=text, requestId=req-1752056474525-5a282115)
2025-07-09 15:51:14.678 [org.springframework.kafka.KafkaListenerEndpointContainer#0-0-C-1] INFO  com.notification.kafka.SmsKafkaConsumer - Processing SMS request for phone +919140021436 from Kafka topic sms-request-topic (partition: 0, offset: 22)
2025-07-09 15:51:14.679 [org.springframework.kafka.KafkaListenerEndpointContainer#0-0-C-1] INFO  com.notification.service.SmsProviderService - Sending SMS to +919140021436 via 3rd party API
2025-07-09 15:51:14.954 [org.springframework.kafka.KafkaListenerEndpointContainer#0-0-C-1] INFO  com.notification.service.SmsProviderService - SMS sent successfully to +919140021436 with requestId: req-1752056474548-103f76ca
2025-07-09 15:51:15.037 [org.springframework.kafka.KafkaListenerEndpointContainer#0-0-C-1] INFO  com.notification.service.ElasticsearchService - Indexed SMS request with ID: 98 to Elasticsearch at 2025-07-09T10:21:14.401438
2025-07-09 15:51:15.037 [org.springframework.kafka.KafkaListenerEndpointContainer#0-0-C-1] INFO  com.notification.kafka.SmsKafkaConsumer - Indexed SMS request with ID 98 to Elasticsearch
2025-07-09 15:51:15.037 [org.springframework.kafka.KafkaListenerEndpointContainer#0-0-C-1] INFO  com.notification.kafka.SmsKafkaConsumer - SMS sent successfully for phone +919140021436, external ID: req-1752056474548-103f76ca
2025-07-09 15:51:15.038 [org.springframework.kafka.KafkaListenerEndpointContainer#0-0-C-1] INFO  com.notification.kafka.SmsKafkaProducer - Sending SMS response to topic sms-response-topic: SmsResponseDto(id=null, phoneNumber=null, message=null, status=null, createdAt=null, updatedAt=null, data=SmsResponseDto.SuccessData(requestId=req-1752056474548-103f76ca, comments=SMS sent successfully, phoneNumber=+919140021436, id=98), error=null)
2025-07-09 15:51:15.043 [org.springframework.kafka.KafkaListenerEndpointContainer#0-0-C-1] INFO  com.notification.kafka.SmsKafkaConsumer - Successfully processed SMS request for phone +919140021436
2025-07-09 15:52:22.393 [http-nio-8080-exec-7] INFO  com.notification.controller.SmsController - Received SMS send request for phone number: +919140021436
2025-07-09 15:52:22.395 [http-nio-8080-exec-7] INFO  com.notification.service.SmsService - Processing SMS request: SmsRequestDto(phoneNumber=+919140021436, message=text, requestId=req-1752056542395-2916aee2)
2025-07-09 15:52:22.463 [http-nio-8080-exec-7] INFO  com.notification.service.ElasticsearchService - Indexed SMS request with ID: 99 to Elasticsearch at 2025-07-09T10:22:22.396532
2025-07-09 15:52:22.463 [http-nio-8080-exec-7] INFO  com.notification.kafka.SmsKafkaProducer - Sending SMS request to topic sms-request-topic: SmsRequestDto(phoneNumber=+919140021436, message=text, requestId=req-1752056542463-5d85b884)
2025-07-09 15:52:22.474 [org.springframework.kafka.KafkaListenerEndpointContainer#0-0-C-1] INFO  com.notification.kafka.SmsKafkaConsumer - Processing SMS request for phone +919140021436 from Kafka topic sms-request-topic (partition: 0, offset: 23)
2025-07-09 15:52:22.474 [org.springframework.kafka.KafkaListenerEndpointContainer#0-0-C-1] INFO  com.notification.service.SmsProviderService - Sending SMS to +919140021436 via 3rd party API
2025-07-09 15:52:22.576 [org.springframework.kafka.KafkaListenerEndpointContainer#0-0-C-1] INFO  com.notification.service.SmsProviderService - SMS sent successfully to +919140021436 with requestId: req-1752056542463-b305752d
2025-07-09 15:52:22.625 [org.springframework.kafka.KafkaListenerEndpointContainer#0-0-C-1] INFO  com.notification.service.ElasticsearchService - Indexed SMS request with ID: 99 to Elasticsearch at 2025-07-09T10:22:22.396532
2025-07-09 15:52:22.625 [org.springframework.kafka.KafkaListenerEndpointContainer#0-0-C-1] INFO  com.notification.kafka.SmsKafkaConsumer - Indexed SMS request with ID 99 to Elasticsearch
2025-07-09 15:52:22.625 [org.springframework.kafka.KafkaListenerEndpointContainer#0-0-C-1] INFO  com.notification.kafka.SmsKafkaConsumer - SMS sent successfully for phone +919140021436, external ID: req-1752056542463-b305752d
2025-07-09 15:52:22.625 [org.springframework.kafka.KafkaListenerEndpointContainer#0-0-C-1] INFO  com.notification.kafka.SmsKafkaProducer - Sending SMS response to topic sms-response-topic: SmsResponseDto(id=null, phoneNumber=null, message=null, status=null, createdAt=null, updatedAt=null, data=SmsResponseDto.SuccessData(requestId=req-1752056542463-b305752d, comments=SMS sent successfully, phoneNumber=+919140021436, id=99), error=null)
2025-07-09 15:52:22.625 [org.springframework.kafka.KafkaListenerEndpointContainer#0-0-C-1] INFO  com.notification.kafka.SmsKafkaConsumer - Successfully processed SMS request for phone +919140021436
2025-07-09 15:54:23.297 [http-nio-8080-exec-10] INFO  com.notification.controller.SmsController - Received SMS send request for phone number: +919140021436
2025-07-09 15:54:23.299 [http-nio-8080-exec-10] INFO  com.notification.service.SmsService - Processing SMS request: SmsRequestDto(phoneNumber=+919140021436, message=text, requestId=req-1752056663299-83499e71)
2025-07-09 15:54:23.368 [http-nio-8080-exec-10] INFO  com.notification.service.ElasticsearchService - Indexed SMS request with ID: 100 to Elasticsearch at 2025-07-09T10:24:23.300819
2025-07-09 15:54:23.368 [http-nio-8080-exec-10] INFO  com.notification.kafka.SmsKafkaProducer - Sending SMS request to topic sms-request-topic: SmsRequestDto(phoneNumber=+919140021436, message=text, requestId=req-1752056663368-369663be)
2025-07-09 15:54:23.377 [org.springframework.kafka.KafkaListenerEndpointContainer#0-0-C-1] INFO  com.notification.kafka.SmsKafkaConsumer - Processing SMS request for phone +919140021436 from Kafka topic sms-request-topic (partition: 0, offset: 24)
2025-07-09 15:54:23.378 [org.springframework.kafka.KafkaListenerEndpointContainer#0-0-C-1] INFO  com.notification.service.SmsProviderService - Sending SMS to +919140021436 via 3rd party API
2025-07-09 15:54:23.548 [org.springframework.kafka.KafkaListenerEndpointContainer#0-0-C-1] INFO  com.notification.service.SmsProviderService - SMS sent successfully to +919140021436 with requestId: req-1752056663369-9032eaf7
2025-07-09 15:54:23.601 [org.springframework.kafka.KafkaListenerEndpointContainer#0-0-C-1] INFO  com.notification.service.ElasticsearchService - Indexed SMS request with ID: 100 to Elasticsearch at 2025-07-09T10:24:23.300819
2025-07-09 15:54:23.601 [org.springframework.kafka.KafkaListenerEndpointContainer#0-0-C-1] INFO  com.notification.kafka.SmsKafkaConsumer - Indexed SMS request with ID 100 to Elasticsearch
2025-07-09 15:54:23.601 [org.springframework.kafka.KafkaListenerEndpointContainer#0-0-C-1] INFO  com.notification.kafka.SmsKafkaConsumer - SMS sent successfully for phone +919140021436, external ID: req-1752056663369-9032eaf7
2025-07-09 15:54:23.601 [org.springframework.kafka.KafkaListenerEndpointContainer#0-0-C-1] INFO  com.notification.kafka.SmsKafkaProducer - Sending SMS response to topic sms-response-topic: SmsResponseDto(id=null, phoneNumber=null, message=null, status=null, createdAt=null, updatedAt=null, data=SmsResponseDto.SuccessData(requestId=req-1752056663369-9032eaf7, comments=SMS sent successfully, phoneNumber=+919140021436, id=100), error=null)
2025-07-09 15:54:23.601 [org.springframework.kafka.KafkaListenerEndpointContainer#0-0-C-1] INFO  com.notification.kafka.SmsKafkaConsumer - Successfully processed SMS request for phone +919140021436
2025-07-09 15:58:55.427 [http-nio-8080-exec-3] INFO  com.notification.controller.SmsController - Received SMS send request for phone number: +919140021436
2025-07-09 15:58:55.428 [http-nio-8080-exec-3] INFO  com.notification.service.SmsService - Processing SMS request: SmsRequestDto(phoneNumber=+919140021436, message=text, requestId=req-1752056935429-ea5ba910)
2025-07-09 15:58:55.488 [http-nio-8080-exec-3] INFO  com.notification.service.ElasticsearchService - Indexed SMS request with ID: 101 to Elasticsearch at 2025-07-09T10:28:55.430723
2025-07-09 15:58:55.490 [http-nio-8080-exec-3] INFO  com.notification.kafka.SmsKafkaProducer - Sending SMS request to topic sms-request-topic: SmsRequestDto(phoneNumber=+919140021436, message=text, requestId=req-1752056935490-d14f99b1)
2025-07-09 15:58:55.503 [org.springframework.kafka.KafkaListenerEndpointContainer#0-0-C-1] INFO  com.notification.kafka.SmsKafkaConsumer - Processing SMS request for phone +919140021436 from Kafka topic sms-request-topic (partition: 0, offset: 25)
2025-07-09 15:58:55.504 [org.springframework.kafka.KafkaListenerEndpointContainer#0-0-C-1] INFO  com.notification.service.SmsProviderService - Sending SMS to +919140021436 via 3rd party API
2025-07-09 15:58:55.697 [org.springframework.kafka.KafkaListenerEndpointContainer#0-0-C-1] INFO  com.notification.service.SmsProviderService - SMS sent successfully to +919140021436 with requestId: req-1752056935490-3dfe66e4
2025-07-09 15:58:55.745 [org.springframework.kafka.KafkaListenerEndpointContainer#0-0-C-1] INFO  com.notification.service.ElasticsearchService - Indexed SMS request with ID: 101 to Elasticsearch at 2025-07-09T10:28:55.430723
2025-07-09 15:58:55.745 [org.springframework.kafka.KafkaListenerEndpointContainer#0-0-C-1] INFO  com.notification.kafka.SmsKafkaConsumer - Indexed SMS request with ID 101 to Elasticsearch
2025-07-09 15:58:55.745 [org.springframework.kafka.KafkaListenerEndpointContainer#0-0-C-1] INFO  com.notification.kafka.SmsKafkaConsumer - SMS sent successfully for phone +919140021436, external ID: req-1752056935490-3dfe66e4
2025-07-09 15:58:55.745 [org.springframework.kafka.KafkaListenerEndpointContainer#0-0-C-1] INFO  com.notification.kafka.SmsKafkaProducer - Sending SMS response to topic sms-response-topic: SmsResponseDto(id=null, phoneNumber=null, message=null, status=null, createdAt=null, updatedAt=null, data=SmsResponseDto.SuccessData(requestId=req-1752056935490-3dfe66e4, comments=SMS sent successfully, phoneNumber=+919140021436, id=101), error=null)
2025-07-09 15:58:55.745 [org.springframework.kafka.KafkaListenerEndpointContainer#0-0-C-1] INFO  com.notification.kafka.SmsKafkaConsumer - Successfully processed SMS request for phone +919140021436
2025-07-09 16:00:11.267 [http-nio-8080-exec-6] INFO  com.notification.controller.BlacklistController - Adding 1 phone numbers to blacklist
2025-07-09 16:20:32.686 [http-nio-8080-exec-9] INFO  com.notification.controller.BlacklistController - Adding 1 phone numbers to blacklist
2025-07-09 16:22:12.384 [http-nio-8080-exec-1] ERROR com.notification.controller.GlobalExceptionHandler - Unexpected error: No static resource api/blacklist.
org.springframework.web.servlet.resource.NoResourceFoundException: No static resource api/blacklist.
	at org.springframework.web.servlet.resource.ResourceHttpRequestHandler.handleRequest(ResourceHttpRequestHandler.java:585) ~[spring-webmvc-6.2.7.jar:6.2.7]
	at org.springframework.web.servlet.mvc.HttpRequestHandlerAdapter.handle(HttpRequestHandlerAdapter.java:52) ~[spring-webmvc-6.2.7.jar:6.2.7]
	at org.springframework.web.servlet.DispatcherServlet.doDispatch(DispatcherServlet.java:1089) [spring-webmvc-6.2.7.jar:6.2.7]
	at org.springframework.web.servlet.DispatcherServlet.doService(DispatcherServlet.java:979) [spring-webmvc-6.2.7.jar:6.2.7]
	at org.springframework.web.servlet.FrameworkServlet.processRequest(FrameworkServlet.java:1014) [spring-webmvc-6.2.7.jar:6.2.7]
	at org.springframework.web.servlet.FrameworkServlet.doPost(FrameworkServlet.java:914) [spring-webmvc-6.2.7.jar:6.2.7]
	at jakarta.servlet.http.HttpServlet.service(HttpServlet.java:590) [tomcat-embed-core-10.1.41.jar:6.0]
	at org.springframework.web.servlet.FrameworkServlet.service(FrameworkServlet.java:885) [spring-webmvc-6.2.7.jar:6.2.7]
	at jakarta.servlet.http.HttpServlet.service(HttpServlet.java:658) [tomcat-embed-core-10.1.41.jar:6.0]
	at org.apache.catalina.core.ApplicationFilterChain.internalDoFilter(ApplicationFilterChain.java:195) [tomcat-embed-core-10.1.41.jar:10.1.41]
	at org.apache.catalina.core.ApplicationFilterChain.doFilter(ApplicationFilterChain.java:140) [tomcat-embed-core-10.1.41.jar:10.1.41]
	at org.apache.tomcat.websocket.server.WsFilter.doFilter(WsFilter.java:51) [tomcat-embed-websocket-10.1.41.jar:10.1.41]
	at org.apache.catalina.core.ApplicationFilterChain.internalDoFilter(ApplicationFilterChain.java:164) [tomcat-embed-core-10.1.41.jar:10.1.41]
	at org.apache.catalina.core.ApplicationFilterChain.doFilter(ApplicationFilterChain.java:140) [tomcat-embed-core-10.1.41.jar:10.1.41]
	at org.springframework.web.filter.RequestContextFilter.doFilterInternal(RequestContextFilter.java:100) [spring-web-6.2.7.jar:6.2.7]
	at org.springframework.web.filter.OncePerRequestFilter.doFilter(OncePerRequestFilter.java:116) [spring-web-6.2.7.jar:6.2.7]
	at org.apache.catalina.core.ApplicationFilterChain.internalDoFilter(ApplicationFilterChain.java:164) [tomcat-embed-core-10.1.41.jar:10.1.41]
	at org.apache.catalina.core.ApplicationFilterChain.doFilter(ApplicationFilterChain.java:140) [tomcat-embed-core-10.1.41.jar:10.1.41]
	at org.springframework.web.filter.FormContentFilter.doFilterInternal(FormContentFilter.java:93) [spring-web-6.2.7.jar:6.2.7]
	at org.springframework.web.filter.OncePerRequestFilter.doFilter(OncePerRequestFilter.java:116) [spring-web-6.2.7.jar:6.2.7]
	at org.apache.catalina.core.ApplicationFilterChain.internalDoFilter(ApplicationFilterChain.java:164) [tomcat-embed-core-10.1.41.jar:10.1.41]
	at org.apache.catalina.core.ApplicationFilterChain.doFilter(ApplicationFilterChain.java:140) [tomcat-embed-core-10.1.41.jar:10.1.41]
	at org.springframework.web.filter.ServerHttpObservationFilter.doFilterInternal(ServerHttpObservationFilter.java:114) [spring-web-6.2.7.jar:6.2.7]
	at org.springframework.web.filter.OncePerRequestFilter.doFilter(OncePerRequestFilter.java:116) [spring-web-6.2.7.jar:6.2.7]
	at org.apache.catalina.core.ApplicationFilterChain.internalDoFilter(ApplicationFilterChain.java:164) [tomcat-embed-core-10.1.41.jar:10.1.41]
	at org.apache.catalina.core.ApplicationFilterChain.doFilter(ApplicationFilterChain.java:140) [tomcat-embed-core-10.1.41.jar:10.1.41]
	at org.springframework.web.filter.CharacterEncodingFilter.doFilterInternal(CharacterEncodingFilter.java:201) [spring-web-6.2.7.jar:6.2.7]
	at org.springframework.web.filter.OncePerRequestFilter.doFilter(OncePerRequestFilter.java:116) [spring-web-6.2.7.jar:6.2.7]
	at org.apache.catalina.core.ApplicationFilterChain.internalDoFilter(ApplicationFilterChain.java:164) [tomcat-embed-core-10.1.41.jar:10.1.41]
	at org.apache.catalina.core.ApplicationFilterChain.doFilter(ApplicationFilterChain.java:140) [tomcat-embed-core-10.1.41.jar:10.1.41]
	at org.apache.catalina.core.StandardWrapperValve.invoke(StandardWrapperValve.java:167) [tomcat-embed-core-10.1.41.jar:10.1.41]
	at org.apache.catalina.core.StandardContextValve.invoke(StandardContextValve.java:90) [tomcat-embed-core-10.1.41.jar:10.1.41]
	at org.apache.catalina.authenticator.AuthenticatorBase.invoke(AuthenticatorBase.java:483) [tomcat-embed-core-10.1.41.jar:10.1.41]
	at org.apache.catalina.core.StandardHostValve.invoke(StandardHostValve.java:116) [tomcat-embed-core-10.1.41.jar:10.1.41]
	at org.apache.catalina.valves.ErrorReportValve.invoke(ErrorReportValve.java:93) [tomcat-embed-core-10.1.41.jar:10.1.41]
	at org.apache.catalina.core.StandardEngineValve.invoke(StandardEngineValve.java:74) [tomcat-embed-core-10.1.41.jar:10.1.41]
	at org.apache.catalina.connector.CoyoteAdapter.service(CoyoteAdapter.java:344) [tomcat-embed-core-10.1.41.jar:10.1.41]
	at org.apache.coyote.http11.Http11Processor.service(Http11Processor.java:398) [tomcat-embed-core-10.1.41.jar:10.1.41]
	at org.apache.coyote.AbstractProcessorLight.process(AbstractProcessorLight.java:63) [tomcat-embed-core-10.1.41.jar:10.1.41]
	at org.apache.coyote.AbstractProtocol$ConnectionHandler.process(AbstractProtocol.java:903) [tomcat-embed-core-10.1.41.jar:10.1.41]
	at org.apache.tomcat.util.net.NioEndpoint$SocketProcessor.doRun(NioEndpoint.java:1740) [tomcat-embed-core-10.1.41.jar:10.1.41]
	at org.apache.tomcat.util.net.SocketProcessorBase.run(SocketProcessorBase.java:52) [tomcat-embed-core-10.1.41.jar:10.1.41]
	at org.apache.tomcat.util.threads.ThreadPoolExecutor.runWorker(ThreadPoolExecutor.java:1189) [tomcat-embed-core-10.1.41.jar:10.1.41]
	at org.apache.tomcat.util.threads.ThreadPoolExecutor$Worker.run(ThreadPoolExecutor.java:658) [tomcat-embed-core-10.1.41.jar:10.1.41]
	at org.apache.tomcat.util.threads.TaskThread$WrappingRunnable.run(TaskThread.java:63) [tomcat-embed-core-10.1.41.jar:10.1.41]
	at java.base/java.lang.Thread.run(Thread.java:840) [?:?]
2025-07-09 16:22:20.040 [http-nio-8080-exec-2] WARN  com.notification.controller.GlobalExceptionHandler - Validation error: {phoneNumbers[0]=Phone number must be 10 digits, phoneNumbers[1]=Phone number must be 10 digits}
2025-07-09 16:22:26.435 [http-nio-8080-exec-3] INFO  com.notification.controller.BlacklistController - Adding 2 phone numbers to blacklist
2025-07-09 16:23:14.898 [http-nio-8080-exec-5] INFO  com.notification.controller.BlacklistController - Retrieving all blacklisted phone numbers
2025-07-09 16:26:22.429 [http-nio-8080-exec-8] INFO  com.notification.controller.BlacklistController - Adding 1 phone numbers to blacklist
2025-07-09 16:26:27.931 [http-nio-8080-exec-9] INFO  com.notification.controller.BlacklistController - Retrieving all blacklisted phone numbers
2025-07-09 16:27:26.722 [http-nio-8080-exec-10] INFO  com.notification.controller.BlacklistController - Retrieving all blacklisted phone numbers
2025-07-09 16:29:04.776 [http-nio-8080-exec-2] INFO  com.notification.controller.BlacklistController - Retrieving all blacklisted phone numbers
2025-07-09 16:39:25.362 [http-nio-8080-exec-5] INFO  com.notification.controller.BlacklistController - Retrieving all blacklisted phone numbers
2025-07-09 16:39:58.762 [http-nio-8080-exec-6] INFO  com.notification.controller.BlacklistController - Retrieving all blacklisted phone numbers
2025-07-09 16:40:24.821 [http-nio-8080-exec-8] ERROR com.notification.controller.GlobalExceptionHandler - Unexpected error: No static resource v1/sms.
org.springframework.web.servlet.resource.NoResourceFoundException: No static resource v1/sms.
	at org.springframework.web.servlet.resource.ResourceHttpRequestHandler.handleRequest(ResourceHttpRequestHandler.java:585) ~[spring-webmvc-6.2.7.jar:6.2.7]
	at org.springframework.web.servlet.mvc.HttpRequestHandlerAdapter.handle(HttpRequestHandlerAdapter.java:52) ~[spring-webmvc-6.2.7.jar:6.2.7]
	at org.springframework.web.servlet.DispatcherServlet.doDispatch(DispatcherServlet.java:1089) [spring-webmvc-6.2.7.jar:6.2.7]
	at org.springframework.web.servlet.DispatcherServlet.doService(DispatcherServlet.java:979) [spring-webmvc-6.2.7.jar:6.2.7]
	at org.springframework.web.servlet.FrameworkServlet.processRequest(FrameworkServlet.java:1014) [spring-webmvc-6.2.7.jar:6.2.7]
	at org.springframework.web.servlet.FrameworkServlet.doPost(FrameworkServlet.java:914) [spring-webmvc-6.2.7.jar:6.2.7]
	at jakarta.servlet.http.HttpServlet.service(HttpServlet.java:590) [tomcat-embed-core-10.1.41.jar:6.0]
	at org.springframework.web.servlet.FrameworkServlet.service(FrameworkServlet.java:885) [spring-webmvc-6.2.7.jar:6.2.7]
	at jakarta.servlet.http.HttpServlet.service(HttpServlet.java:658) [tomcat-embed-core-10.1.41.jar:6.0]
	at org.apache.catalina.core.ApplicationFilterChain.internalDoFilter(ApplicationFilterChain.java:195) [tomcat-embed-core-10.1.41.jar:10.1.41]
	at org.apache.catalina.core.ApplicationFilterChain.doFilter(ApplicationFilterChain.java:140) [tomcat-embed-core-10.1.41.jar:10.1.41]
	at org.apache.tomcat.websocket.server.WsFilter.doFilter(WsFilter.java:51) [tomcat-embed-websocket-10.1.41.jar:10.1.41]
	at org.apache.catalina.core.ApplicationFilterChain.internalDoFilter(ApplicationFilterChain.java:164) [tomcat-embed-core-10.1.41.jar:10.1.41]
	at org.apache.catalina.core.ApplicationFilterChain.doFilter(ApplicationFilterChain.java:140) [tomcat-embed-core-10.1.41.jar:10.1.41]
	at org.springframework.web.filter.RequestContextFilter.doFilterInternal(RequestContextFilter.java:100) [spring-web-6.2.7.jar:6.2.7]
	at org.springframework.web.filter.OncePerRequestFilter.doFilter(OncePerRequestFilter.java:116) [spring-web-6.2.7.jar:6.2.7]
	at org.apache.catalina.core.ApplicationFilterChain.internalDoFilter(ApplicationFilterChain.java:164) [tomcat-embed-core-10.1.41.jar:10.1.41]
	at org.apache.catalina.core.ApplicationFilterChain.doFilter(ApplicationFilterChain.java:140) [tomcat-embed-core-10.1.41.jar:10.1.41]
	at org.springframework.web.filter.FormContentFilter.doFilterInternal(FormContentFilter.java:93) [spring-web-6.2.7.jar:6.2.7]
	at org.springframework.web.filter.OncePerRequestFilter.doFilter(OncePerRequestFilter.java:116) [spring-web-6.2.7.jar:6.2.7]
	at org.apache.catalina.core.ApplicationFilterChain.internalDoFilter(ApplicationFilterChain.java:164) [tomcat-embed-core-10.1.41.jar:10.1.41]
	at org.apache.catalina.core.ApplicationFilterChain.doFilter(ApplicationFilterChain.java:140) [tomcat-embed-core-10.1.41.jar:10.1.41]
	at org.springframework.web.filter.ServerHttpObservationFilter.doFilterInternal(ServerHttpObservationFilter.java:114) [spring-web-6.2.7.jar:6.2.7]
	at org.springframework.web.filter.OncePerRequestFilter.doFilter(OncePerRequestFilter.java:116) [spring-web-6.2.7.jar:6.2.7]
	at org.apache.catalina.core.ApplicationFilterChain.internalDoFilter(ApplicationFilterChain.java:164) [tomcat-embed-core-10.1.41.jar:10.1.41]
	at org.apache.catalina.core.ApplicationFilterChain.doFilter(ApplicationFilterChain.java:140) [tomcat-embed-core-10.1.41.jar:10.1.41]
	at org.springframework.web.filter.CharacterEncodingFilter.doFilterInternal(CharacterEncodingFilter.java:201) [spring-web-6.2.7.jar:6.2.7]
	at org.springframework.web.filter.OncePerRequestFilter.doFilter(OncePerRequestFilter.java:116) [spring-web-6.2.7.jar:6.2.7]
	at org.apache.catalina.core.ApplicationFilterChain.internalDoFilter(ApplicationFilterChain.java:164) [tomcat-embed-core-10.1.41.jar:10.1.41]
	at org.apache.catalina.core.ApplicationFilterChain.doFilter(ApplicationFilterChain.java:140) [tomcat-embed-core-10.1.41.jar:10.1.41]
	at org.apache.catalina.core.StandardWrapperValve.invoke(StandardWrapperValve.java:167) [tomcat-embed-core-10.1.41.jar:10.1.41]
	at org.apache.catalina.core.StandardContextValve.invoke(StandardContextValve.java:90) [tomcat-embed-core-10.1.41.jar:10.1.41]
	at org.apache.catalina.authenticator.AuthenticatorBase.invoke(AuthenticatorBase.java:483) [tomcat-embed-core-10.1.41.jar:10.1.41]
	at org.apache.catalina.core.StandardHostValve.invoke(StandardHostValve.java:116) [tomcat-embed-core-10.1.41.jar:10.1.41]
	at org.apache.catalina.valves.ErrorReportValve.invoke(ErrorReportValve.java:93) [tomcat-embed-core-10.1.41.jar:10.1.41]
	at org.apache.catalina.core.StandardEngineValve.invoke(StandardEngineValve.java:74) [tomcat-embed-core-10.1.41.jar:10.1.41]
	at org.apache.catalina.connector.CoyoteAdapter.service(CoyoteAdapter.java:344) [tomcat-embed-core-10.1.41.jar:10.1.41]
	at org.apache.coyote.http11.Http11Processor.service(Http11Processor.java:398) [tomcat-embed-core-10.1.41.jar:10.1.41]
	at org.apache.coyote.AbstractProcessorLight.process(AbstractProcessorLight.java:63) [tomcat-embed-core-10.1.41.jar:10.1.41]
	at org.apache.coyote.AbstractProtocol$ConnectionHandler.process(AbstractProtocol.java:903) [tomcat-embed-core-10.1.41.jar:10.1.41]
	at org.apache.tomcat.util.net.NioEndpoint$SocketProcessor.doRun(NioEndpoint.java:1740) [tomcat-embed-core-10.1.41.jar:10.1.41]
	at org.apache.tomcat.util.net.SocketProcessorBase.run(SocketProcessorBase.java:52) [tomcat-embed-core-10.1.41.jar:10.1.41]
	at org.apache.tomcat.util.threads.ThreadPoolExecutor.runWorker(ThreadPoolExecutor.java:1189) [tomcat-embed-core-10.1.41.jar:10.1.41]
	at org.apache.tomcat.util.threads.ThreadPoolExecutor$Worker.run(ThreadPoolExecutor.java:658) [tomcat-embed-core-10.1.41.jar:10.1.41]
	at org.apache.tomcat.util.threads.TaskThread$WrappingRunnable.run(TaskThread.java:63) [tomcat-embed-core-10.1.41.jar:10.1.41]
	at java.base/java.lang.Thread.run(Thread.java:840) [?:?]
2025-07-09 16:40:33.115 [http-nio-8080-exec-10] INFO  com.notification.controller.SmsController - Received SMS send request for phone number: +919876543210
2025-07-09 16:40:33.117 [http-nio-8080-exec-10] INFO  com.notification.service.SmsService - Processing SMS request: SmsRequestDto(phoneNumber=+919876543210, message=Test message, requestId=req-1752059433117-c5f1c06c)
2025-07-09 16:40:33.119 [http-nio-8080-exec-10] WARN  com.notification.service.SmsService - SMS request rejected - phone number +919876543210 is blacklisted
2025-07-09 16:40:47.769 [http-nio-8080-exec-2] INFO  com.notification.controller.SmsController - Received SMS send request for phone number: +911234567890
2025-07-09 16:40:47.770 [http-nio-8080-exec-2] INFO  com.notification.service.SmsService - Processing SMS request: SmsRequestDto(phoneNumber=+911234567890, message=Test message, requestId=req-1752059447770-3733b093)
2025-07-09 16:40:47.844 [http-nio-8080-exec-2] INFO  com.notification.service.ElasticsearchService - Indexed SMS request with ID: 102 to Elasticsearch at 2025-07-09T11:10:47.774917
2025-07-09 16:40:47.844 [http-nio-8080-exec-2] INFO  com.notification.kafka.SmsKafkaProducer - Sending SMS request to topic sms-request-topic: SmsRequestDto(phoneNumber=+911234567890, message=Test message, requestId=req-1752059447844-eb76a5a7)
2025-07-09 16:40:47.856 [org.springframework.kafka.KafkaListenerEndpointContainer#0-0-C-1] INFO  com.notification.kafka.SmsKafkaConsumer - Processing SMS request for phone +911234567890 from Kafka topic sms-request-topic (partition: 0, offset: 26)
2025-07-09 16:40:47.857 [org.springframework.kafka.KafkaListenerEndpointContainer#0-0-C-1] INFO  com.notification.service.SmsProviderService - Sending SMS to +911234567890 via 3rd party API
2025-07-09 16:40:48.090 [org.springframework.kafka.KafkaListenerEndpointContainer#0-0-C-1] INFO  com.notification.service.SmsProviderService - SMS sent successfully to +911234567890 with requestId: req-1752059447846-2983e772
2025-07-09 16:40:48.136 [org.springframework.kafka.KafkaListenerEndpointContainer#0-0-C-1] INFO  com.notification.service.ElasticsearchService - Indexed SMS request with ID: 102 to Elasticsearch at 2025-07-09T11:10:47.774917
2025-07-09 16:40:48.136 [org.springframework.kafka.KafkaListenerEndpointContainer#0-0-C-1] INFO  com.notification.kafka.SmsKafkaConsumer - Indexed SMS request with ID 102 to Elasticsearch
2025-07-09 16:40:48.136 [org.springframework.kafka.KafkaListenerEndpointContainer#0-0-C-1] INFO  com.notification.kafka.SmsKafkaConsumer - SMS sent successfully for phone +911234567890, external ID: req-1752059447846-2983e772
2025-07-09 16:40:48.136 [org.springframework.kafka.KafkaListenerEndpointContainer#0-0-C-1] INFO  com.notification.kafka.SmsKafkaProducer - Sending SMS response to topic sms-response-topic: SmsResponseDto(id=null, phoneNumber=null, message=null, status=null, createdAt=null, updatedAt=null, data=SmsResponseDto.SuccessData(requestId=req-1752059447846-2983e772, comments=SMS sent successfully, phoneNumber=+911234567890, id=102), error=null)
2025-07-09 16:40:48.138 [org.springframework.kafka.KafkaListenerEndpointContainer#0-0-C-1] INFO  com.notification.kafka.SmsKafkaConsumer - Successfully processed SMS request for phone +911234567890
2025-07-09 16:55:29.067 [http-nio-8080-exec-4] INFO  com.notification.controller.SmsController - Received SMS send request for phone number: +915555555555
2025-07-09 16:55:29.068 [http-nio-8080-exec-4] INFO  com.notification.service.SmsService - Processing SMS request: SmsRequestDto(phoneNumber=+915555555555, message=Redis test message, requestId=req-1752060329068-9c2d7818)
2025-07-09 16:55:29.124 [http-nio-8080-exec-4] INFO  com.notification.service.ElasticsearchService - Indexed SMS request with ID: 103 to Elasticsearch at 2025-07-09T11:25:29.071439
2025-07-09 16:55:29.127 [http-nio-8080-exec-4] INFO  com.notification.kafka.SmsKafkaProducer - Sending SMS request to topic sms-request-topic: SmsRequestDto(phoneNumber=+915555555555, message=Redis test message, requestId=req-1752060329127-f83425ae)
2025-07-09 16:55:29.138 [org.springframework.kafka.KafkaListenerEndpointContainer#0-0-C-1] INFO  com.notification.kafka.SmsKafkaConsumer - Processing SMS request for phone +915555555555 from Kafka topic sms-request-topic (partition: 0, offset: 27)
2025-07-09 16:55:29.139 [org.springframework.kafka.KafkaListenerEndpointContainer#0-0-C-1] INFO  com.notification.service.SmsProviderService - Sending SMS to +915555555555 via 3rd party API
2025-07-09 16:55:29.395 [org.springframework.kafka.KafkaListenerEndpointContainer#0-0-C-1] INFO  com.notification.service.SmsProviderService - SMS sent successfully to +915555555555 with requestId: req-1752060329129-be918274
2025-07-09 16:55:29.431 [org.springframework.kafka.KafkaListenerEndpointContainer#0-0-C-1] INFO  com.notification.service.ElasticsearchService - Indexed SMS request with ID: 103 to Elasticsearch at 2025-07-09T11:25:29.071439
2025-07-09 16:55:29.431 [org.springframework.kafka.KafkaListenerEndpointContainer#0-0-C-1] INFO  com.notification.kafka.SmsKafkaConsumer - Indexed SMS request with ID 103 to Elasticsearch
2025-07-09 16:55:29.431 [org.springframework.kafka.KafkaListenerEndpointContainer#0-0-C-1] INFO  com.notification.kafka.SmsKafkaConsumer - SMS sent successfully for phone +915555555555, external ID: req-1752060329129-be918274
2025-07-09 16:55:29.431 [org.springframework.kafka.KafkaListenerEndpointContainer#0-0-C-1] INFO  com.notification.kafka.SmsKafkaProducer - Sending SMS response to topic sms-response-topic: SmsResponseDto(id=null, phoneNumber=null, message=null, status=null, createdAt=null, updatedAt=null, data=SmsResponseDto.SuccessData(requestId=req-1752060329129-be918274, comments=SMS sent successfully, phoneNumber=+915555555555, id=103), error=null)
2025-07-09 16:55:29.435 [org.springframework.kafka.KafkaListenerEndpointContainer#0-0-C-1] INFO  com.notification.kafka.SmsKafkaConsumer - Successfully processed SMS request for phone +915555555555
2025-07-09 16:55:45.557 [http-nio-8080-exec-6] INFO  com.notification.controller.SmsController - Received SMS send request for phone number: +919876543210
2025-07-09 16:55:45.558 [http-nio-8080-exec-6] INFO  com.notification.service.SmsService - Processing SMS request: SmsRequestDto(phoneNumber=+919876543210, message=Blacklisted test, requestId=req-1752060345558-b0d30497)
2025-07-09 16:55:45.559 [http-nio-8080-exec-6] WARN  com.notification.service.SmsService - SMS request rejected - phone number +919876543210 is blacklisted
2025-07-09 16:55:56.113 [http-nio-8080-exec-8] INFO  com.notification.controller.BlacklistController - Retrieving all blacklisted phone numbers
2025-07-09 16:56:27.507 [http-nio-8080-exec-10] INFO  com.notification.controller.SmsController - Received SMS send request for phone number: +919876543210
2025-07-09 16:56:27.507 [http-nio-8080-exec-10] INFO  com.notification.service.SmsService - Processing SMS request: SmsRequestDto(phoneNumber=+919876543210, message=Cached test, requestId=req-1752060387507-c83efd6e)
2025-07-09 16:56:27.508 [http-nio-8080-exec-10] WARN  com.notification.service.SmsService - SMS request rejected - phone number +919876543210 is blacklisted
2025-07-09 18:19:49.455 [http-nio-8080-exec-3] INFO  com.notification.controller.SmsController - Received SMS send request for phone number: +919140021411
2025-07-09 18:19:49.457 [http-nio-8080-exec-3] INFO  com.notification.service.SmsService - Processing SMS request: SmsRequestDto(phoneNumber=+919140021411, message=text, requestId=req-1752065389457-059c09f9)
2025-07-09 18:19:49.529 [http-nio-8080-exec-3] INFO  com.notification.service.ElasticsearchService - Indexed SMS request with ID: 104 to Elasticsearch at 2025-07-09T12:49:49.464398
2025-07-09 18:19:49.533 [http-nio-8080-exec-3] INFO  com.notification.kafka.SmsKafkaProducer - Sending SMS request to topic sms-request-topic: SmsRequestDto(phoneNumber=+919140021411, message=text, requestId=req-1752065389533-36b65f07)
2025-07-09 18:19:49.546 [org.springframework.kafka.KafkaListenerEndpointContainer#0-0-C-1] INFO  com.notification.kafka.SmsKafkaConsumer - Processing SMS request for phone +919140021411 from Kafka topic sms-request-topic (partition: 0, offset: 28)
2025-07-09 18:19:49.547 [org.springframework.kafka.KafkaListenerEndpointContainer#0-0-C-1] INFO  com.notification.service.SmsProviderService - Sending SMS to +919140021411 via 3rd party API
2025-07-09 18:19:49.722 [org.springframework.kafka.KafkaListenerEndpointContainer#0-0-C-1] INFO  com.notification.service.SmsProviderService - SMS sent successfully to +919140021411 with requestId: req-1752065389534-00abb13f
2025-07-09 18:19:49.774 [org.springframework.kafka.KafkaListenerEndpointContainer#0-0-C-1] INFO  com.notification.service.ElasticsearchService - Indexed SMS request with ID: 104 to Elasticsearch at 2025-07-09T12:49:49.464398
2025-07-09 18:19:49.774 [org.springframework.kafka.KafkaListenerEndpointContainer#0-0-C-1] INFO  com.notification.kafka.SmsKafkaConsumer - Indexed SMS request with ID 104 to Elasticsearch
2025-07-09 18:19:49.774 [org.springframework.kafka.KafkaListenerEndpointContainer#0-0-C-1] INFO  com.notification.kafka.SmsKafkaConsumer - SMS sent successfully for phone +919140021411, external ID: req-1752065389534-00abb13f
2025-07-09 18:19:49.774 [org.springframework.kafka.KafkaListenerEndpointContainer#0-0-C-1] INFO  com.notification.kafka.SmsKafkaProducer - Sending SMS response to topic sms-response-topic: SmsResponseDto(id=null, phoneNumber=null, message=null, status=null, createdAt=null, updatedAt=null, data=SmsResponseDto.SuccessData(requestId=req-1752065389534-00abb13f, comments=SMS sent successfully, phoneNumber=+919140021411, id=104), error=null)
2025-07-09 18:19:49.775 [org.springframework.kafka.KafkaListenerEndpointContainer#0-0-C-1] INFO  com.notification.kafka.SmsKafkaConsumer - Successfully processed SMS request for phone +919140021411
2025-07-09 18:36:45.644 [http-nio-8080-exec-6] INFO  com.notification.controller.SmsController - Received SMS send request for phone number: +919140021419
2025-07-09 18:36:45.647 [http-nio-8080-exec-6] INFO  com.notification.service.SmsService - Processing SMS request: SmsRequestDto(phoneNumber=+919140021419, message=text, requestId=req-1752066405647-6c0c7f80)
2025-07-09 18:36:45.709 [http-nio-8080-exec-6] INFO  com.notification.service.ElasticsearchService - Indexed SMS request with ID: 105 to Elasticsearch at 2025-07-09T13:06:45.652386
2025-07-09 18:36:45.709 [http-nio-8080-exec-6] INFO  com.notification.kafka.SmsKafkaProducer - Sending SMS request to topic sms-request-topic: SmsRequestDto(phoneNumber=+919140021419, message=text, requestId=req-1752066405709-f11101b6)
2025-07-09 18:36:45.722 [org.springframework.kafka.KafkaListenerEndpointContainer#0-0-C-1] INFO  com.notification.kafka.SmsKafkaConsumer - Processing SMS request for phone +919140021419 from Kafka topic sms-request-topic (partition: 0, offset: 29)
2025-07-09 18:36:45.722 [org.springframework.kafka.KafkaListenerEndpointContainer#0-0-C-1] INFO  com.notification.service.SmsProviderService - Sending SMS to +919140021419 via 3rd party API
2025-07-09 18:36:45.861 [org.springframework.kafka.KafkaListenerEndpointContainer#0-0-C-1] INFO  com.notification.service.SmsProviderService - SMS sent successfully to +919140021419 with requestId: req-1752066405711-3e5fa967
2025-07-09 18:36:45.908 [org.springframework.kafka.KafkaListenerEndpointContainer#0-0-C-1] INFO  com.notification.service.ElasticsearchService - Indexed SMS request with ID: 105 to Elasticsearch at 2025-07-09T13:06:45.652386
2025-07-09 18:36:45.908 [org.springframework.kafka.KafkaListenerEndpointContainer#0-0-C-1] INFO  com.notification.kafka.SmsKafkaConsumer - Indexed SMS request with ID 105 to Elasticsearch
2025-07-09 18:36:45.908 [org.springframework.kafka.KafkaListenerEndpointContainer#0-0-C-1] INFO  com.notification.kafka.SmsKafkaConsumer - SMS sent successfully for phone +919140021419, external ID: req-1752066405711-3e5fa967
2025-07-09 18:36:45.908 [org.springframework.kafka.KafkaListenerEndpointContainer#0-0-C-1] INFO  com.notification.kafka.SmsKafkaProducer - Sending SMS response to topic sms-response-topic: SmsResponseDto(id=null, phoneNumber=null, message=null, status=null, createdAt=null, updatedAt=null, data=SmsResponseDto.SuccessData(requestId=req-1752066405711-3e5fa967, comments=SMS sent successfully, phoneNumber=+919140021419, id=105), error=null)
2025-07-09 18:36:45.909 [org.springframework.kafka.KafkaListenerEndpointContainer#0-0-C-1] INFO  com.notification.kafka.SmsKafkaConsumer - Successfully processed SMS request for phone +919140021419
2025-07-09 18:36:48.114 [http-nio-8080-exec-7] INFO  com.notification.controller.SmsController - Received SMS send request for phone number: +919140021419
2025-07-09 18:36:48.115 [http-nio-8080-exec-7] INFO  com.notification.service.SmsService - Processing SMS request: SmsRequestDto(phoneNumber=+919140021419, message=text, requestId=req-1752066408115-3d594235)
2025-07-09 18:36:48.147 [http-nio-8080-exec-7] INFO  com.notification.service.ElasticsearchService - Indexed SMS request with ID: 106 to Elasticsearch at 2025-07-09T13:06:48.117944
2025-07-09 18:36:48.147 [http-nio-8080-exec-7] INFO  com.notification.kafka.SmsKafkaProducer - Sending SMS request to topic sms-request-topic: SmsRequestDto(phoneNumber=+919140021419, message=text, requestId=req-1752066408147-61940763)
2025-07-09 18:36:48.155 [org.springframework.kafka.KafkaListenerEndpointContainer#0-0-C-1] INFO  com.notification.kafka.SmsKafkaConsumer - Processing SMS request for phone +919140021419 from Kafka topic sms-request-topic (partition: 0, offset: 30)
2025-07-09 18:36:48.155 [org.springframework.kafka.KafkaListenerEndpointContainer#0-0-C-1] INFO  com.notification.service.SmsProviderService - Sending SMS to +919140021419 via 3rd party API
2025-07-09 18:36:48.189 [org.springframework.kafka.KafkaListenerEndpointContainer#0-0-C-1] INFO  com.notification.service.SmsProviderService - SMS sent successfully to +919140021419 with requestId: req-1752066408147-810faa9e
2025-07-09 18:36:48.228 [org.springframework.kafka.KafkaListenerEndpointContainer#0-0-C-1] INFO  com.notification.service.ElasticsearchService - Indexed SMS request with ID: 106 to Elasticsearch at 2025-07-09T13:06:48.117944
2025-07-09 18:36:48.228 [org.springframework.kafka.KafkaListenerEndpointContainer#0-0-C-1] INFO  com.notification.kafka.SmsKafkaConsumer - Indexed SMS request with ID 106 to Elasticsearch
2025-07-09 18:36:48.228 [org.springframework.kafka.KafkaListenerEndpointContainer#0-0-C-1] INFO  com.notification.kafka.SmsKafkaConsumer - SMS sent successfully for phone +919140021419, external ID: req-1752066408147-810faa9e
2025-07-09 18:36:48.228 [org.springframework.kafka.KafkaListenerEndpointContainer#0-0-C-1] INFO  com.notification.kafka.SmsKafkaProducer - Sending SMS response to topic sms-response-topic: SmsResponseDto(id=null, phoneNumber=null, message=null, status=null, createdAt=null, updatedAt=null, data=SmsResponseDto.SuccessData(requestId=req-1752066408147-810faa9e, comments=SMS sent successfully, phoneNumber=+919140021419, id=106), error=null)
2025-07-09 18:36:48.229 [org.springframework.kafka.KafkaListenerEndpointContainer#0-0-C-1] INFO  com.notification.kafka.SmsKafkaConsumer - Successfully processed SMS request for phone +919140021419
2025-07-09 18:37:41.910 [http-nio-8080-exec-8] INFO  com.notification.controller.SmsController - Fetching SMS request with ID: 106
2025-07-09 18:37:41.913 [http-nio-8080-exec-8] INFO  com.notification.service.SmsService - SMS request 106 not found in cache, retrieving from database
2025-07-09 18:37:41.927 [http-nio-8080-exec-8] INFO  com.notification.service.SmsService - SMS request 106 stored in cache for 24 hours
2025-07-09 18:38:02.264 [http-nio-8080-exec-9] INFO  com.notification.controller.BlacklistController - Adding 1 phone numbers to blacklist
2025-07-09 18:38:09.097 [http-nio-8080-exec-10] INFO  com.notification.controller.SmsController - Received SMS send request for phone number: +919140021419
2025-07-09 18:38:09.098 [http-nio-8080-exec-10] INFO  com.notification.service.SmsService - Processing SMS request: SmsRequestDto(phoneNumber=+919140021419, message=text, requestId=req-1752066489098-d706daea)
2025-07-09 18:38:09.100 [http-nio-8080-exec-10] WARN  com.notification.service.SmsService - SMS request rejected - phone number +919140021419 is blacklisted
